W0314 20:25:43.130000 2974103 site-packages/torch/_dynamo/convert_frame.py:1125] WON'T CONVERT forward /home/drozdovdan/Hebb_Adaptation/nanoGPT/model.py line 1039
W0314 20:25:43.130000 2974103 site-packages/torch/_dynamo/convert_frame.py:1125] due to:
W0314 20:25:43.130000 2974103 site-packages/torch/_dynamo/convert_frame.py:1125] Traceback (most recent call last):
W0314 20:25:43.130000 2974103 site-packages/torch/_dynamo/convert_frame.py:1125]   File "/home/drozdovdan/miniconda3/lib/python3.12/site-packages/torch/_dynamo/output_graph.py", line 1446, in _call_user_compiler
W0314 20:25:43.130000 2974103 site-packages/torch/_dynamo/convert_frame.py:1125]     compiled_fn = compiler_fn(gm, self.example_inputs())
W0314 20:25:43.130000 2974103 site-packages/torch/_dynamo/convert_frame.py:1125]                   ^^^^^^^^^^^^^^^^^^^^^^^^^^^^^^^^^^^^^^
W0314 20:25:43.130000 2974103 site-packages/torch/_dynamo/convert_frame.py:1125]   File "/home/drozdovdan/miniconda3/lib/python3.12/site-packages/torch/_dynamo/repro/after_dynamo.py", line 129, in __call__
W0314 20:25:43.130000 2974103 site-packages/torch/_dynamo/convert_frame.py:1125]     compiled_gm = compiler_fn(gm, example_inputs)
W0314 20:25:43.130000 2974103 site-packages/torch/_dynamo/convert_frame.py:1125]                   ^^^^^^^^^^^^^^^^^^^^^^^^^^^^^^^
W0314 20:25:43.130000 2974103 site-packages/torch/_dynamo/convert_frame.py:1125]   File "/home/drozdovdan/miniconda3/lib/python3.12/site-packages/torch/__init__.py", line 2234, in __call__
W0314 20:25:43.130000 2974103 site-packages/torch/_dynamo/convert_frame.py:1125]     return compile_fx(model_, inputs_, config_patches=self.config)
W0314 20:25:43.130000 2974103 site-packages/torch/_dynamo/convert_frame.py:1125]            ^^^^^^^^^^^^^^^^^^^^^^^^^^^^^^^^^^^^^^^^^^^^^^^^^^^^^^^
W0314 20:25:43.130000 2974103 site-packages/torch/_dynamo/convert_frame.py:1125]   File "/home/drozdovdan/miniconda3/lib/python3.12/site-packages/torch/_inductor/compile_fx.py", line 1521, in compile_fx
W0314 20:25:43.130000 2974103 site-packages/torch/_dynamo/convert_frame.py:1125]     return aot_autograd(
W0314 20:25:43.130000 2974103 site-packages/torch/_dynamo/convert_frame.py:1125]            ^^^^^^^^^^^^^
W0314 20:25:43.130000 2974103 site-packages/torch/_dynamo/convert_frame.py:1125]   File "/home/drozdovdan/miniconda3/lib/python3.12/site-packages/torch/_dynamo/backends/common.py", line 72, in __call__
W0314 20:25:43.130000 2974103 site-packages/torch/_dynamo/convert_frame.py:1125]     cg = aot_module_simplified(gm, example_inputs, **self.kwargs)
W0314 20:25:43.130000 2974103 site-packages/torch/_dynamo/convert_frame.py:1125]          ^^^^^^^^^^^^^^^^^^^^^^^^^^^^^^^^^^^^^^^^^^^^^^^^^^^^^^^^
W0314 20:25:43.130000 2974103 site-packages/torch/_dynamo/convert_frame.py:1125]   File "/home/drozdovdan/miniconda3/lib/python3.12/site-packages/torch/_functorch/aot_autograd.py", line 1071, in aot_module_simplified
W0314 20:25:43.130000 2974103 site-packages/torch/_dynamo/convert_frame.py:1125]     compiled_fn = dispatch_and_compile()
W0314 20:25:43.130000 2974103 site-packages/torch/_dynamo/convert_frame.py:1125]                   ^^^^^^^^^^^^^^^^^^^^^^
W0314 20:25:43.130000 2974103 site-packages/torch/_dynamo/convert_frame.py:1125]   File "/home/drozdovdan/miniconda3/lib/python3.12/site-packages/torch/_functorch/aot_autograd.py", line 1056, in dispatch_and_compile
W0314 20:25:43.130000 2974103 site-packages/torch/_dynamo/convert_frame.py:1125]     compiled_fn, _ = create_aot_dispatcher_function(
W0314 20:25:43.130000 2974103 site-packages/torch/_dynamo/convert_frame.py:1125]                      ^^^^^^^^^^^^^^^^^^^^^^^^^^^^^^^
W0314 20:25:43.130000 2974103 site-packages/torch/_dynamo/convert_frame.py:1125]   File "/home/drozdovdan/miniconda3/lib/python3.12/site-packages/torch/_functorch/aot_autograd.py", line 522, in create_aot_dispatcher_function
W0314 20:25:43.130000 2974103 site-packages/torch/_dynamo/convert_frame.py:1125]     return _create_aot_dispatcher_function(
W0314 20:25:43.130000 2974103 site-packages/torch/_dynamo/convert_frame.py:1125]            ^^^^^^^^^^^^^^^^^^^^^^^^^^^^^^^^
W0314 20:25:43.130000 2974103 site-packages/torch/_dynamo/convert_frame.py:1125]   File "/home/drozdovdan/miniconda3/lib/python3.12/site-packages/torch/_functorch/aot_autograd.py", line 759, in _create_aot_dispatcher_function
W0314 20:25:43.130000 2974103 site-packages/torch/_dynamo/convert_frame.py:1125]     compiled_fn, fw_metadata = compiler_fn(
W0314 20:25:43.130000 2974103 site-packages/torch/_dynamo/convert_frame.py:1125]                                ^^^^^^^^^^^^
W0314 20:25:43.130000 2974103 site-packages/torch/_dynamo/convert_frame.py:1125]   File "/home/drozdovdan/miniconda3/lib/python3.12/site-packages/torch/_functorch/_aot_autograd/jit_compile_runtime_wrappers.py", line 179, in aot_dispatch_base
W0314 20:25:43.130000 2974103 site-packages/torch/_dynamo/convert_frame.py:1125]     compiled_fw = compiler(fw_module, updated_flat_args)
W0314 20:25:43.130000 2974103 site-packages/torch/_dynamo/convert_frame.py:1125]                   ^^^^^^^^^^^^^^^^^^^^^^^^^^^^^^^^^^^^^^
W0314 20:25:43.130000 2974103 site-packages/torch/_dynamo/convert_frame.py:1125]   File "/home/drozdovdan/miniconda3/lib/python3.12/site-packages/torch/_inductor/compile_fx.py", line 1350, in fw_compiler_base
W0314 20:25:43.130000 2974103 site-packages/torch/_dynamo/convert_frame.py:1125]     return _fw_compiler_base(model, example_inputs, is_inference)
W0314 20:25:43.130000 2974103 site-packages/torch/_dynamo/convert_frame.py:1125]            ^^^^^^^^^^^^^^^^^^^^^^^^^^^^^^^^^^^^^^^^^^^^^^^^^^^^^^
W0314 20:25:43.130000 2974103 site-packages/torch/_dynamo/convert_frame.py:1125]   File "/home/drozdovdan/miniconda3/lib/python3.12/site-packages/torch/_inductor/compile_fx.py", line 1421, in _fw_compiler_base
W0314 20:25:43.130000 2974103 site-packages/torch/_dynamo/convert_frame.py:1125]     return inner_compile(
W0314 20:25:43.130000 2974103 site-packages/torch/_dynamo/convert_frame.py:1125]            ^^^^^^^^^^^^^^
W0314 20:25:43.130000 2974103 site-packages/torch/_dynamo/convert_frame.py:1125]   File "/home/drozdovdan/miniconda3/lib/python3.12/site-packages/torch/_inductor/compile_fx.py", line 475, in compile_fx_inner
W0314 20:25:43.130000 2974103 site-packages/torch/_dynamo/convert_frame.py:1125]     return wrap_compiler_debug(_compile_fx_inner, compiler_name="inductor")(
W0314 20:25:43.130000 2974103 site-packages/torch/_dynamo/convert_frame.py:1125]            ^^^^^^^^^^^^^^^^^^^^^^^^^^^^^^^^^^^^^^^^^^^^^^^^^^^^^^^^^^^^^^^^^
W0314 20:25:43.130000 2974103 site-packages/torch/_dynamo/convert_frame.py:1125]   File "/home/drozdovdan/miniconda3/lib/python3.12/site-packages/torch/_dynamo/repro/after_aot.py", line 85, in debug_wrapper
W0314 20:25:43.130000 2974103 site-packages/torch/_dynamo/convert_frame.py:1125]     inner_compiled_fn = compiler_fn(gm, example_inputs)
W0314 20:25:43.130000 2974103 site-packages/torch/_dynamo/convert_frame.py:1125]                         ^^^^^^^^^^^^^^^^^^^^^^^^^^^^^^^
W0314 20:25:43.130000 2974103 site-packages/torch/_dynamo/convert_frame.py:1125]   File "/home/drozdovdan/miniconda3/lib/python3.12/site-packages/torch/_inductor/compile_fx.py", line 661, in _compile_fx_inner
W0314 20:25:43.130000 2974103 site-packages/torch/_dynamo/convert_frame.py:1125]     compiled_graph = FxGraphCache.load(
W0314 20:25:43.130000 2974103 site-packages/torch/_dynamo/convert_frame.py:1125]                      ^^^^^^^^^^^^^^^^^^
W0314 20:25:43.130000 2974103 site-packages/torch/_dynamo/convert_frame.py:1125]   File "/home/drozdovdan/miniconda3/lib/python3.12/site-packages/torch/_inductor/codecache.py", line 1334, in load
W0314 20:25:43.130000 2974103 site-packages/torch/_dynamo/convert_frame.py:1125]     compiled_graph = compile_fx_fn(
W0314 20:25:43.130000 2974103 site-packages/torch/_dynamo/convert_frame.py:1125]                      ^^^^^^^^^^^^^^
W0314 20:25:43.130000 2974103 site-packages/torch/_dynamo/convert_frame.py:1125]   File "/home/drozdovdan/miniconda3/lib/python3.12/site-packages/torch/_inductor/compile_fx.py", line 570, in codegen_and_compile
W0314 20:25:43.130000 2974103 site-packages/torch/_dynamo/convert_frame.py:1125]     compiled_graph = fx_codegen_and_compile(gm, example_inputs, **fx_kwargs)
W0314 20:25:43.130000 2974103 site-packages/torch/_dynamo/convert_frame.py:1125]                      ^^^^^^^^^^^^^^^^^^^^^^^^^^^^^^^^^^^^^^^^^^^^^^^^^^^^^^^
W0314 20:25:43.130000 2974103 site-packages/torch/_dynamo/convert_frame.py:1125]   File "/home/drozdovdan/miniconda3/lib/python3.12/site-packages/torch/_inductor/compile_fx.py", line 789, in fx_codegen_and_compile
W0314 20:25:43.130000 2974103 site-packages/torch/_dynamo/convert_frame.py:1125]     _recursive_post_grad_passes(gm, is_inference=is_inference)
W0314 20:25:43.130000 2974103 site-packages/torch/_dynamo/convert_frame.py:1125]   File "/home/drozdovdan/miniconda3/lib/python3.12/site-packages/torch/_inductor/compile_fx.py", line 288, in _recursive_post_grad_passes
W0314 20:25:43.130000 2974103 site-packages/torch/_dynamo/convert_frame.py:1125]     post_grad_passes(gm, is_inference)
W0314 20:25:43.130000 2974103 site-packages/torch/_dynamo/convert_frame.py:1125]   File "/home/drozdovdan/miniconda3/lib/python3.12/site-packages/torch/_inductor/fx_passes/post_grad.py", line 100, in post_grad_passes
W0314 20:25:43.130000 2974103 site-packages/torch/_dynamo/convert_frame.py:1125]     patterns.apply(gm.graph)  # type: ignore[arg-type]
W0314 20:25:43.130000 2974103 site-packages/torch/_dynamo/convert_frame.py:1125]     ^^^^^^^^^^^^^^^^^^^^^^^^
W0314 20:25:43.130000 2974103 site-packages/torch/_dynamo/convert_frame.py:1125]   File "/home/drozdovdan/miniconda3/lib/python3.12/site-packages/torch/_inductor/pattern_matcher.py", line 1729, in apply
W0314 20:25:43.130000 2974103 site-packages/torch/_dynamo/convert_frame.py:1125]     if is_match(m) and entry.extra_check(m):
W0314 20:25:43.130000 2974103 site-packages/torch/_dynamo/convert_frame.py:1125]                        ^^^^^^^^^^^^^^^^^^^^
W0314 20:25:43.130000 2974103 site-packages/torch/_dynamo/convert_frame.py:1125]   File "/home/drozdovdan/miniconda3/lib/python3.12/site-packages/torch/_inductor/fx_passes/quantization.py", line 1448, in fn
W0314 20:25:43.130000 2974103 site-packages/torch/_dynamo/convert_frame.py:1125]     scales = match.kwargs["scales"].meta["val"]
W0314 20:25:43.130000 2974103 site-packages/torch/_dynamo/convert_frame.py:1125]              ^^^^^^^^^^^^^^^^^^^^^^^^^^^
W0314 20:25:43.130000 2974103 site-packages/torch/_dynamo/convert_frame.py:1125] AttributeError: 'float' object has no attribute 'meta'
W0314 20:25:43.130000 2974103 site-packages/torch/_dynamo/convert_frame.py:1125]
W0314 20:25:43.130000 2974103 site-packages/torch/_dynamo/convert_frame.py:1125] The above exception was the direct cause of the following exception:
W0314 20:25:43.130000 2974103 site-packages/torch/_dynamo/convert_frame.py:1125]
W0314 20:25:43.130000 2974103 site-packages/torch/_dynamo/convert_frame.py:1125] Traceback (most recent call last):
W0314 20:25:43.130000 2974103 site-packages/torch/_dynamo/convert_frame.py:1125]   File "/home/drozdovdan/miniconda3/lib/python3.12/site-packages/torch/_dynamo/convert_frame.py", line 1064, in __call__
W0314 20:25:43.130000 2974103 site-packages/torch/_dynamo/convert_frame.py:1125]     result = self._inner_convert(
W0314 20:25:43.130000 2974103 site-packages/torch/_dynamo/convert_frame.py:1125]              ^^^^^^^^^^^^^^^^^^^^
W0314 20:25:43.130000 2974103 site-packages/torch/_dynamo/convert_frame.py:1125]   File "/home/drozdovdan/miniconda3/lib/python3.12/site-packages/torch/_dynamo/convert_frame.py", line 526, in __call__
W0314 20:25:43.130000 2974103 site-packages/torch/_dynamo/convert_frame.py:1125]     return _compile(
W0314 20:25:43.130000 2974103 site-packages/torch/_dynamo/convert_frame.py:1125]            ^^^^^^^^^
W0314 20:25:43.130000 2974103 site-packages/torch/_dynamo/convert_frame.py:1125]   File "/home/drozdovdan/miniconda3/lib/python3.12/site-packages/torch/_dynamo/convert_frame.py", line 924, in _compile
W0314 20:25:43.130000 2974103 site-packages/torch/_dynamo/convert_frame.py:1125]     guarded_code = compile_inner(code, one_graph, hooks, transform)
W0314 20:25:43.130000 2974103 site-packages/torch/_dynamo/convert_frame.py:1125]                    ^^^^^^^^^^^^^^^^^^^^^^^^^^^^^^^^^^^^^^^^^^^^^^^^
W0314 20:25:43.130000 2974103 site-packages/torch/_dynamo/convert_frame.py:1125]   File "/home/drozdovdan/miniconda3/lib/python3.12/site-packages/torch/_dynamo/convert_frame.py", line 666, in compile_inner
W0314 20:25:43.130000 2974103 site-packages/torch/_dynamo/convert_frame.py:1125]     return _compile_inner(code, one_graph, hooks, transform)
W0314 20:25:43.130000 2974103 site-packages/torch/_dynamo/convert_frame.py:1125]            ^^^^^^^^^^^^^^^^^^^^^^^^^^^^^^^^^^^^^^^^^^^^^^^^^
W0314 20:25:43.130000 2974103 site-packages/torch/_dynamo/convert_frame.py:1125]   File "/home/drozdovdan/miniconda3/lib/python3.12/site-packages/torch/_utils_internal.py", line 87, in wrapper_function
W0314 20:25:43.130000 2974103 site-packages/torch/_dynamo/convert_frame.py:1125]     return function(*args, **kwargs)
W0314 20:25:43.130000 2974103 site-packages/torch/_dynamo/convert_frame.py:1125]            ^^^^^^^^^^^^^^^^^^^^^^^^^
W0314 20:25:43.130000 2974103 site-packages/torch/_dynamo/convert_frame.py:1125]   File "/home/drozdovdan/miniconda3/lib/python3.12/site-packages/torch/_dynamo/convert_frame.py", line 699, in _compile_inner
W0314 20:25:43.130000 2974103 site-packages/torch/_dynamo/convert_frame.py:1125]     out_code = transform_code_object(code, transform)
W0314 20:25:43.130000 2974103 site-packages/torch/_dynamo/convert_frame.py:1125]                ^^^^^^^^^^^^^^^^^^^^^^^^^^^^^^^^^^^^^^
W0314 20:25:43.130000 2974103 site-packages/torch/_dynamo/convert_frame.py:1125]   File "/home/drozdovdan/miniconda3/lib/python3.12/site-packages/torch/_dynamo/bytecode_transformation.py", line 1322, in transform_code_object
W0314 20:25:43.130000 2974103 site-packages/torch/_dynamo/convert_frame.py:1125]     transformations(instructions, code_options)
W0314 20:25:43.130000 2974103 site-packages/torch/_dynamo/convert_frame.py:1125]   File "/home/drozdovdan/miniconda3/lib/python3.12/site-packages/torch/_dynamo/convert_frame.py", line 219, in _fn
W0314 20:25:43.130000 2974103 site-packages/torch/_dynamo/convert_frame.py:1125]     return fn(*args, **kwargs)
W0314 20:25:43.130000 2974103 site-packages/torch/_dynamo/convert_frame.py:1125]            ^^^^^^^^^^^^^^^^^^^
W0314 20:25:43.130000 2974103 site-packages/torch/_dynamo/convert_frame.py:1125]   File "/home/drozdovdan/miniconda3/lib/python3.12/site-packages/torch/_dynamo/convert_frame.py", line 634, in transform
W0314 20:25:43.130000 2974103 site-packages/torch/_dynamo/convert_frame.py:1125]     tracer.run()
W0314 20:25:43.130000 2974103 site-packages/torch/_dynamo/convert_frame.py:1125]   File "/home/drozdovdan/miniconda3/lib/python3.12/site-packages/torch/_dynamo/symbolic_convert.py", line 2796, in run
W0314 20:25:43.130000 2974103 site-packages/torch/_dynamo/convert_frame.py:1125]     super().run()
W0314 20:25:43.130000 2974103 site-packages/torch/_dynamo/convert_frame.py:1125]   File "/home/drozdovdan/miniconda3/lib/python3.12/site-packages/torch/_dynamo/symbolic_convert.py", line 983, in run
W0314 20:25:43.130000 2974103 site-packages/torch/_dynamo/convert_frame.py:1125]     while self.step():
W0314 20:25:43.130000 2974103 site-packages/torch/_dynamo/convert_frame.py:1125]           ^^^^^^^^^^^
W0314 20:25:43.130000 2974103 site-packages/torch/_dynamo/convert_frame.py:1125]   File "/home/drozdovdan/miniconda3/lib/python3.12/site-packages/torch/_dynamo/symbolic_convert.py", line 895, in step
W0314 20:25:43.130000 2974103 site-packages/torch/_dynamo/convert_frame.py:1125]     self.dispatch_table[inst.opcode](self, inst)
W0314 20:25:43.130000 2974103 site-packages/torch/_dynamo/convert_frame.py:1125]   File "/home/drozdovdan/miniconda3/lib/python3.12/site-packages/torch/_dynamo/symbolic_convert.py", line 2987, in RETURN_VALUE
W0314 20:25:43.130000 2974103 site-packages/torch/_dynamo/convert_frame.py:1125]     self._return(inst)
W0314 20:25:43.130000 2974103 site-packages/torch/_dynamo/convert_frame.py:1125]   File "/home/drozdovdan/miniconda3/lib/python3.12/site-packages/torch/_dynamo/symbolic_convert.py", line 2972, in _return
W0314 20:25:43.130000 2974103 site-packages/torch/_dynamo/convert_frame.py:1125]     self.output.compile_subgraph(
W0314 20:25:43.130000 2974103 site-packages/torch/_dynamo/convert_frame.py:1125]   File "/home/drozdovdan/miniconda3/lib/python3.12/site-packages/torch/_dynamo/output_graph.py", line 1142, in compile_subgraph
W0314 20:25:43.130000 2974103 site-packages/torch/_dynamo/convert_frame.py:1125]     self.compile_and_call_fx_graph(tx, pass2.graph_output_vars(), root)
W0314 20:25:43.130000 2974103 site-packages/torch/_dynamo/convert_frame.py:1125]   File "/home/drozdovdan/miniconda3/lib/python3.12/site-packages/torch/_dynamo/output_graph.py", line 1369, in compile_and_call_fx_graph
W0314 20:25:43.130000 2974103 site-packages/torch/_dynamo/convert_frame.py:1125]     compiled_fn = self.call_user_compiler(gm)
W0314 20:25:43.130000 2974103 site-packages/torch/_dynamo/convert_frame.py:1125]                   ^^^^^^^^^^^^^^^^^^^^^^^^^^^
W0314 20:25:43.130000 2974103 site-packages/torch/_dynamo/convert_frame.py:1125]   File "/home/drozdovdan/miniconda3/lib/python3.12/site-packages/torch/_dynamo/output_graph.py", line 1416, in call_user_compiler
W0314 20:25:43.130000 2974103 site-packages/torch/_dynamo/convert_frame.py:1125]     return self._call_user_compiler(gm)
W0314 20:25:43.130000 2974103 site-packages/torch/_dynamo/convert_frame.py:1125]            ^^^^^^^^^^^^^^^^^^^^^^^^^^^^
W0314 20:25:43.130000 2974103 site-packages/torch/_dynamo/convert_frame.py:1125]   File "/home/drozdovdan/miniconda3/lib/python3.12/site-packages/torch/_dynamo/output_graph.py", line 1465, in _call_user_compiler
W0314 20:25:43.130000 2974103 site-packages/torch/_dynamo/convert_frame.py:1125]     raise BackendCompilerFailed(self.compiler_fn, e) from e
W0314 20:25:43.130000 2974103 site-packages/torch/_dynamo/convert_frame.py:1125] torch._dynamo.exc.BackendCompilerFailed: backend='inductor' raised:
W0314 20:25:43.130000 2974103 site-packages/torch/_dynamo/convert_frame.py:1125] AttributeError: 'float' object has no attribute 'meta'
W0314 20:25:43.130000 2974103 site-packages/torch/_dynamo/convert_frame.py:1125]
W0314 20:25:43.130000 2974103 site-packages/torch/_dynamo/convert_frame.py:1125] Set TORCH_LOGS="+dynamo" and TORCHDYNAMO_VERBOSE=1 for more information
W0314 20:25:43.130000 2974103 site-packages/torch/_dynamo/convert_frame.py:1125]
W0314 20:25:43.130000 2974103 site-packages/torch/_dynamo/convert_frame.py:1125] Traceback (most recent call last):
W0314 20:25:43.130000 2974103 site-packages/torch/_dynamo/convert_frame.py:1125]   File "/home/drozdovdan/miniconda3/lib/python3.12/site-packages/torch/_dynamo/output_graph.py", line 1446, in _call_user_compiler
W0314 20:25:43.130000 2974103 site-packages/torch/_dynamo/convert_frame.py:1125]     compiled_fn = compiler_fn(gm, self.example_inputs())
W0314 20:25:43.130000 2974103 site-packages/torch/_dynamo/convert_frame.py:1125]                   ^^^^^^^^^^^^^^^^^^^^^^^^^^^^^^^^^^^^^^
W0314 20:25:43.130000 2974103 site-packages/torch/_dynamo/convert_frame.py:1125]   File "/home/drozdovdan/miniconda3/lib/python3.12/site-packages/torch/_dynamo/repro/after_dynamo.py", line 129, in __call__
W0314 20:25:43.130000 2974103 site-packages/torch/_dynamo/convert_frame.py:1125]     compiled_gm = compiler_fn(gm, example_inputs)
W0314 20:25:43.130000 2974103 site-packages/torch/_dynamo/convert_frame.py:1125]                   ^^^^^^^^^^^^^^^^^^^^^^^^^^^^^^^
W0314 20:25:43.130000 2974103 site-packages/torch/_dynamo/convert_frame.py:1125]   File "/home/drozdovdan/miniconda3/lib/python3.12/site-packages/torch/__init__.py", line 2234, in __call__
W0314 20:25:43.130000 2974103 site-packages/torch/_dynamo/convert_frame.py:1125]     return compile_fx(model_, inputs_, config_patches=self.config)
W0314 20:25:43.130000 2974103 site-packages/torch/_dynamo/convert_frame.py:1125]            ^^^^^^^^^^^^^^^^^^^^^^^^^^^^^^^^^^^^^^^^^^^^^^^^^^^^^^^
W0314 20:25:43.130000 2974103 site-packages/torch/_dynamo/convert_frame.py:1125]   File "/home/drozdovdan/miniconda3/lib/python3.12/site-packages/torch/_inductor/compile_fx.py", line 1521, in compile_fx
W0314 20:25:43.130000 2974103 site-packages/torch/_dynamo/convert_frame.py:1125]     return aot_autograd(
W0314 20:25:43.130000 2974103 site-packages/torch/_dynamo/convert_frame.py:1125]            ^^^^^^^^^^^^^
W0314 20:25:43.130000 2974103 site-packages/torch/_dynamo/convert_frame.py:1125]   File "/home/drozdovdan/miniconda3/lib/python3.12/site-packages/torch/_dynamo/backends/common.py", line 72, in __call__
W0314 20:25:43.130000 2974103 site-packages/torch/_dynamo/convert_frame.py:1125]     cg = aot_module_simplified(gm, example_inputs, **self.kwargs)
W0314 20:25:43.130000 2974103 site-packages/torch/_dynamo/convert_frame.py:1125]          ^^^^^^^^^^^^^^^^^^^^^^^^^^^^^^^^^^^^^^^^^^^^^^^^^^^^^^^^
W0314 20:25:43.130000 2974103 site-packages/torch/_dynamo/convert_frame.py:1125]   File "/home/drozdovdan/miniconda3/lib/python3.12/site-packages/torch/_functorch/aot_autograd.py", line 1071, in aot_module_simplified
W0314 20:25:43.130000 2974103 site-packages/torch/_dynamo/convert_frame.py:1125]     compiled_fn = dispatch_and_compile()
W0314 20:25:43.130000 2974103 site-packages/torch/_dynamo/convert_frame.py:1125]                   ^^^^^^^^^^^^^^^^^^^^^^
W0314 20:25:43.130000 2974103 site-packages/torch/_dynamo/convert_frame.py:1125]   File "/home/drozdovdan/miniconda3/lib/python3.12/site-packages/torch/_functorch/aot_autograd.py", line 1056, in dispatch_and_compile
W0314 20:25:43.130000 2974103 site-packages/torch/_dynamo/convert_frame.py:1125]     compiled_fn, _ = create_aot_dispatcher_function(
W0314 20:25:43.130000 2974103 site-packages/torch/_dynamo/convert_frame.py:1125]                      ^^^^^^^^^^^^^^^^^^^^^^^^^^^^^^^
W0314 20:25:43.130000 2974103 site-packages/torch/_dynamo/convert_frame.py:1125]   File "/home/drozdovdan/miniconda3/lib/python3.12/site-packages/torch/_functorch/aot_autograd.py", line 522, in create_aot_dispatcher_function
W0314 20:25:43.130000 2974103 site-packages/torch/_dynamo/convert_frame.py:1125]     return _create_aot_dispatcher_function(
W0314 20:25:43.130000 2974103 site-packages/torch/_dynamo/convert_frame.py:1125]            ^^^^^^^^^^^^^^^^^^^^^^^^^^^^^^^^
W0314 20:25:43.130000 2974103 site-packages/torch/_dynamo/convert_frame.py:1125]   File "/home/drozdovdan/miniconda3/lib/python3.12/site-packages/torch/_functorch/aot_autograd.py", line 759, in _create_aot_dispatcher_function
W0314 20:25:43.130000 2974103 site-packages/torch/_dynamo/convert_frame.py:1125]     compiled_fn, fw_metadata = compiler_fn(
W0314 20:25:43.130000 2974103 site-packages/torch/_dynamo/convert_frame.py:1125]                                ^^^^^^^^^^^^
W0314 20:25:43.130000 2974103 site-packages/torch/_dynamo/convert_frame.py:1125]   File "/home/drozdovdan/miniconda3/lib/python3.12/site-packages/torch/_functorch/_aot_autograd/jit_compile_runtime_wrappers.py", line 179, in aot_dispatch_base
W0314 20:25:43.130000 2974103 site-packages/torch/_dynamo/convert_frame.py:1125]     compiled_fw = compiler(fw_module, updated_flat_args)
W0314 20:25:43.130000 2974103 site-packages/torch/_dynamo/convert_frame.py:1125]                   ^^^^^^^^^^^^^^^^^^^^^^^^^^^^^^^^^^^^^^
W0314 20:25:43.130000 2974103 site-packages/torch/_dynamo/convert_frame.py:1125]   File "/home/drozdovdan/miniconda3/lib/python3.12/site-packages/torch/_inductor/compile_fx.py", line 1350, in fw_compiler_base
W0314 20:25:43.130000 2974103 site-packages/torch/_dynamo/convert_frame.py:1125]     return _fw_compiler_base(model, example_inputs, is_inference)
W0314 20:25:43.130000 2974103 site-packages/torch/_dynamo/convert_frame.py:1125]            ^^^^^^^^^^^^^^^^^^^^^^^^^^^^^^^^^^^^^^^^^^^^^^^^^^^^^^
W0314 20:25:43.130000 2974103 site-packages/torch/_dynamo/convert_frame.py:1125]   File "/home/drozdovdan/miniconda3/lib/python3.12/site-packages/torch/_inductor/compile_fx.py", line 1421, in _fw_compiler_base
W0314 20:25:43.130000 2974103 site-packages/torch/_dynamo/convert_frame.py:1125]     return inner_compile(
W0314 20:25:43.130000 2974103 site-packages/torch/_dynamo/convert_frame.py:1125]            ^^^^^^^^^^^^^^
W0314 20:25:43.130000 2974103 site-packages/torch/_dynamo/convert_frame.py:1125]   File "/home/drozdovdan/miniconda3/lib/python3.12/site-packages/torch/_inductor/compile_fx.py", line 475, in compile_fx_inner
W0314 20:25:43.130000 2974103 site-packages/torch/_dynamo/convert_frame.py:1125]     return wrap_compiler_debug(_compile_fx_inner, compiler_name="inductor")(
W0314 20:25:43.130000 2974103 site-packages/torch/_dynamo/convert_frame.py:1125]            ^^^^^^^^^^^^^^^^^^^^^^^^^^^^^^^^^^^^^^^^^^^^^^^^^^^^^^^^^^^^^^^^^
W0314 20:25:43.130000 2974103 site-packages/torch/_dynamo/convert_frame.py:1125]   File "/home/drozdovdan/miniconda3/lib/python3.12/site-packages/torch/_dynamo/repro/after_aot.py", line 85, in debug_wrapper
W0314 20:25:43.130000 2974103 site-packages/torch/_dynamo/convert_frame.py:1125]     inner_compiled_fn = compiler_fn(gm, example_inputs)
W0314 20:25:43.130000 2974103 site-packages/torch/_dynamo/convert_frame.py:1125]                         ^^^^^^^^^^^^^^^^^^^^^^^^^^^^^^^
W0314 20:25:43.130000 2974103 site-packages/torch/_dynamo/convert_frame.py:1125]   File "/home/drozdovdan/miniconda3/lib/python3.12/site-packages/torch/_inductor/compile_fx.py", line 661, in _compile_fx_inner
W0314 20:25:43.130000 2974103 site-packages/torch/_dynamo/convert_frame.py:1125]     compiled_graph = FxGraphCache.load(
W0314 20:25:43.130000 2974103 site-packages/torch/_dynamo/convert_frame.py:1125]                      ^^^^^^^^^^^^^^^^^^
W0314 20:25:43.130000 2974103 site-packages/torch/_dynamo/convert_frame.py:1125]   File "/home/drozdovdan/miniconda3/lib/python3.12/site-packages/torch/_inductor/codecache.py", line 1334, in load
W0314 20:25:43.130000 2974103 site-packages/torch/_dynamo/convert_frame.py:1125]     compiled_graph = compile_fx_fn(
W0314 20:25:43.130000 2974103 site-packages/torch/_dynamo/convert_frame.py:1125]                      ^^^^^^^^^^^^^^
W0314 20:25:43.130000 2974103 site-packages/torch/_dynamo/convert_frame.py:1125]   File "/home/drozdovdan/miniconda3/lib/python3.12/site-packages/torch/_inductor/compile_fx.py", line 570, in codegen_and_compile
W0314 20:25:43.130000 2974103 site-packages/torch/_dynamo/convert_frame.py:1125]     compiled_graph = fx_codegen_and_compile(gm, example_inputs, **fx_kwargs)
W0314 20:25:43.130000 2974103 site-packages/torch/_dynamo/convert_frame.py:1125]                      ^^^^^^^^^^^^^^^^^^^^^^^^^^^^^^^^^^^^^^^^^^^^^^^^^^^^^^^
W0314 20:25:43.130000 2974103 site-packages/torch/_dynamo/convert_frame.py:1125]   File "/home/drozdovdan/miniconda3/lib/python3.12/site-packages/torch/_inductor/compile_fx.py", line 789, in fx_codegen_and_compile
W0314 20:25:43.130000 2974103 site-packages/torch/_dynamo/convert_frame.py:1125]     _recursive_post_grad_passes(gm, is_inference=is_inference)
W0314 20:25:43.130000 2974103 site-packages/torch/_dynamo/convert_frame.py:1125]   File "/home/drozdovdan/miniconda3/lib/python3.12/site-packages/torch/_inductor/compile_fx.py", line 288, in _recursive_post_grad_passes
W0314 20:25:43.130000 2974103 site-packages/torch/_dynamo/convert_frame.py:1125]     post_grad_passes(gm, is_inference)
W0314 20:25:43.130000 2974103 site-packages/torch/_dynamo/convert_frame.py:1125]   File "/home/drozdovdan/miniconda3/lib/python3.12/site-packages/torch/_inductor/fx_passes/post_grad.py", line 100, in post_grad_passes
W0314 20:25:43.130000 2974103 site-packages/torch/_dynamo/convert_frame.py:1125]     patterns.apply(gm.graph)  # type: ignore[arg-type]
W0314 20:25:43.130000 2974103 site-packages/torch/_dynamo/convert_frame.py:1125]     ^^^^^^^^^^^^^^^^^^^^^^^^
W0314 20:25:43.130000 2974103 site-packages/torch/_dynamo/convert_frame.py:1125]   File "/home/drozdovdan/miniconda3/lib/python3.12/site-packages/torch/_inductor/pattern_matcher.py", line 1729, in apply
W0314 20:25:43.130000 2974103 site-packages/torch/_dynamo/convert_frame.py:1125]     if is_match(m) and entry.extra_check(m):
W0314 20:25:43.130000 2974103 site-packages/torch/_dynamo/convert_frame.py:1125]                        ^^^^^^^^^^^^^^^^^^^^
W0314 20:25:43.130000 2974103 site-packages/torch/_dynamo/convert_frame.py:1125]   File "/home/drozdovdan/miniconda3/lib/python3.12/site-packages/torch/_inductor/fx_passes/quantization.py", line 1448, in fn
W0314 20:25:43.130000 2974103 site-packages/torch/_dynamo/convert_frame.py:1125]     scales = match.kwargs["scales"].meta["val"]
W0314 20:25:43.130000 2974103 site-packages/torch/_dynamo/convert_frame.py:1125]              ^^^^^^^^^^^^^^^^^^^^^^^^^^^
W0314 20:25:43.130000 2974103 site-packages/torch/_dynamo/convert_frame.py:1125] AttributeError: 'float' object has no attribute 'meta'
W0314 20:25:43.130000 2974103 site-packages/torch/_dynamo/convert_frame.py:1125]
W0314 20:25:43.130000 2974103 site-packages/torch/_dynamo/convert_frame.py:1125] The above exception was the direct cause of the following exception:
W0314 20:25:43.130000 2974103 site-packages/torch/_dynamo/convert_frame.py:1125]
W0314 20:25:43.130000 2974103 site-packages/torch/_dynamo/convert_frame.py:1125] Traceback (most recent call last):
W0314 20:25:43.130000 2974103 site-packages/torch/_dynamo/convert_frame.py:1125]   File "/home/drozdovdan/miniconda3/lib/python3.12/site-packages/torch/_dynamo/convert_frame.py", line 1064, in __call__
W0314 20:25:43.130000 2974103 site-packages/torch/_dynamo/convert_frame.py:1125]     result = self._inner_convert(
W0314 20:25:43.130000 2974103 site-packages/torch/_dynamo/convert_frame.py:1125]              ^^^^^^^^^^^^^^^^^^^^
W0314 20:25:43.130000 2974103 site-packages/torch/_dynamo/convert_frame.py:1125]   File "/home/drozdovdan/miniconda3/lib/python3.12/site-packages/torch/_dynamo/convert_frame.py", line 526, in __call__
W0314 20:25:43.130000 2974103 site-packages/torch/_dynamo/convert_frame.py:1125]     return _compile(
W0314 20:25:43.130000 2974103 site-packages/torch/_dynamo/convert_frame.py:1125]            ^^^^^^^^^
W0314 20:25:43.130000 2974103 site-packages/torch/_dynamo/convert_frame.py:1125]   File "/home/drozdovdan/miniconda3/lib/python3.12/site-packages/torch/_dynamo/convert_frame.py", line 924, in _compile
W0314 20:25:43.130000 2974103 site-packages/torch/_dynamo/convert_frame.py:1125]     guarded_code = compile_inner(code, one_graph, hooks, transform)
W0314 20:25:43.130000 2974103 site-packages/torch/_dynamo/convert_frame.py:1125]                    ^^^^^^^^^^^^^^^^^^^^^^^^^^^^^^^^^^^^^^^^^^^^^^^^
W0314 20:25:43.130000 2974103 site-packages/torch/_dynamo/convert_frame.py:1125]   File "/home/drozdovdan/miniconda3/lib/python3.12/site-packages/torch/_dynamo/convert_frame.py", line 666, in compile_inner
W0314 20:25:43.130000 2974103 site-packages/torch/_dynamo/convert_frame.py:1125]     return _compile_inner(code, one_graph, hooks, transform)
W0314 20:25:43.130000 2974103 site-packages/torch/_dynamo/convert_frame.py:1125]            ^^^^^^^^^^^^^^^^^^^^^^^^^^^^^^^^^^^^^^^^^^^^^^^^^
W0314 20:25:43.130000 2974103 site-packages/torch/_dynamo/convert_frame.py:1125]   File "/home/drozdovdan/miniconda3/lib/python3.12/site-packages/torch/_utils_internal.py", line 87, in wrapper_function
W0314 20:25:43.130000 2974103 site-packages/torch/_dynamo/convert_frame.py:1125]     return function(*args, **kwargs)
W0314 20:25:43.130000 2974103 site-packages/torch/_dynamo/convert_frame.py:1125]            ^^^^^^^^^^^^^^^^^^^^^^^^^
W0314 20:25:43.130000 2974103 site-packages/torch/_dynamo/convert_frame.py:1125]   File "/home/drozdovdan/miniconda3/lib/python3.12/site-packages/torch/_dynamo/convert_frame.py", line 699, in _compile_inner
W0314 20:25:43.130000 2974103 site-packages/torch/_dynamo/convert_frame.py:1125]     out_code = transform_code_object(code, transform)
W0314 20:25:43.130000 2974103 site-packages/torch/_dynamo/convert_frame.py:1125]                ^^^^^^^^^^^^^^^^^^^^^^^^^^^^^^^^^^^^^^
W0314 20:25:43.130000 2974103 site-packages/torch/_dynamo/convert_frame.py:1125]   File "/home/drozdovdan/miniconda3/lib/python3.12/site-packages/torch/_dynamo/bytecode_transformation.py", line 1322, in transform_code_object
W0314 20:25:43.130000 2974103 site-packages/torch/_dynamo/convert_frame.py:1125]     transformations(instructions, code_options)
W0314 20:25:43.130000 2974103 site-packages/torch/_dynamo/convert_frame.py:1125]   File "/home/drozdovdan/miniconda3/lib/python3.12/site-packages/torch/_dynamo/convert_frame.py", line 219, in _fn
W0314 20:25:43.130000 2974103 site-packages/torch/_dynamo/convert_frame.py:1125]     return fn(*args, **kwargs)
W0314 20:25:43.130000 2974103 site-packages/torch/_dynamo/convert_frame.py:1125]            ^^^^^^^^^^^^^^^^^^^
W0314 20:25:43.130000 2974103 site-packages/torch/_dynamo/convert_frame.py:1125]   File "/home/drozdovdan/miniconda3/lib/python3.12/site-packages/torch/_dynamo/convert_frame.py", line 634, in transform
W0314 20:25:43.130000 2974103 site-packages/torch/_dynamo/convert_frame.py:1125]     tracer.run()
W0314 20:25:43.130000 2974103 site-packages/torch/_dynamo/convert_frame.py:1125]   File "/home/drozdovdan/miniconda3/lib/python3.12/site-packages/torch/_dynamo/symbolic_convert.py", line 2796, in run
W0314 20:25:43.130000 2974103 site-packages/torch/_dynamo/convert_frame.py:1125]     super().run()
W0314 20:25:43.130000 2974103 site-packages/torch/_dynamo/convert_frame.py:1125]   File "/home/drozdovdan/miniconda3/lib/python3.12/site-packages/torch/_dynamo/symbolic_convert.py", line 983, in run
W0314 20:25:43.130000 2974103 site-packages/torch/_dynamo/convert_frame.py:1125]     while self.step():
W0314 20:25:43.130000 2974103 site-packages/torch/_dynamo/convert_frame.py:1125]           ^^^^^^^^^^^
W0314 20:25:43.130000 2974103 site-packages/torch/_dynamo/convert_frame.py:1125]   File "/home/drozdovdan/miniconda3/lib/python3.12/site-packages/torch/_dynamo/symbolic_convert.py", line 895, in step
W0314 20:25:43.130000 2974103 site-packages/torch/_dynamo/convert_frame.py:1125]     self.dispatch_table[inst.opcode](self, inst)
W0314 20:25:43.130000 2974103 site-packages/torch/_dynamo/convert_frame.py:1125]   File "/home/drozdovdan/miniconda3/lib/python3.12/site-packages/torch/_dynamo/symbolic_convert.py", line 2987, in RETURN_VALUE
W0314 20:25:43.130000 2974103 site-packages/torch/_dynamo/convert_frame.py:1125]     self._return(inst)
W0314 20:25:43.130000 2974103 site-packages/torch/_dynamo/convert_frame.py:1125]   File "/home/drozdovdan/miniconda3/lib/python3.12/site-packages/torch/_dynamo/symbolic_convert.py", line 2972, in _return
W0314 20:25:43.130000 2974103 site-packages/torch/_dynamo/convert_frame.py:1125]     self.output.compile_subgraph(
W0314 20:25:43.130000 2974103 site-packages/torch/_dynamo/convert_frame.py:1125]   File "/home/drozdovdan/miniconda3/lib/python3.12/site-packages/torch/_dynamo/output_graph.py", line 1142, in compile_subgraph
W0314 20:25:43.130000 2974103 site-packages/torch/_dynamo/convert_frame.py:1125]     self.compile_and_call_fx_graph(tx, pass2.graph_output_vars(), root)
W0314 20:25:43.130000 2974103 site-packages/torch/_dynamo/convert_frame.py:1125]   File "/home/drozdovdan/miniconda3/lib/python3.12/site-packages/torch/_dynamo/output_graph.py", line 1369, in compile_and_call_fx_graph
W0314 20:25:43.130000 2974103 site-packages/torch/_dynamo/convert_frame.py:1125]     compiled_fn = self.call_user_compiler(gm)
W0314 20:25:43.130000 2974103 site-packages/torch/_dynamo/convert_frame.py:1125]                   ^^^^^^^^^^^^^^^^^^^^^^^^^^^
W0314 20:25:43.130000 2974103 site-packages/torch/_dynamo/convert_frame.py:1125]   File "/home/drozdovdan/miniconda3/lib/python3.12/site-packages/torch/_dynamo/output_graph.py", line 1416, in call_user_compiler
W0314 20:25:43.130000 2974103 site-packages/torch/_dynamo/convert_frame.py:1125]     return self._call_user_compiler(gm)
W0314 20:25:43.130000 2974103 site-packages/torch/_dynamo/convert_frame.py:1125]            ^^^^^^^^^^^^^^^^^^^^^^^^^^^^
W0314 20:25:43.130000 2974103 site-packages/torch/_dynamo/convert_frame.py:1125]   File "/home/drozdovdan/miniconda3/lib/python3.12/site-packages/torch/_dynamo/output_graph.py", line 1465, in _call_user_compiler
W0314 20:25:43.130000 2974103 site-packages/torch/_dynamo/convert_frame.py:1125]     raise BackendCompilerFailed(self.compiler_fn, e) from e
W0314 20:25:43.130000 2974103 site-packages/torch/_dynamo/convert_frame.py:1125] torch._dynamo.exc.BackendCompilerFailed: backend='inductor' raised:
W0314 20:25:43.130000 2974103 site-packages/torch/_dynamo/convert_frame.py:1125] AttributeError: 'float' object has no attribute 'meta'
W0314 20:25:43.130000 2974103 site-packages/torch/_dynamo/convert_frame.py:1125]
W0314 20:25:43.130000 2974103 site-packages/torch/_dynamo/convert_frame.py:1125] Set TORCH_LOGS="+dynamo" and TORCHDYNAMO_VERBOSE=1 for more information
W0314 20:25:43.130000 2974103 site-packages/torch/_dynamo/convert_frame.py:1125]
W0314 20:25:43.488000 2974103 site-packages/torch/_dynamo/convert_frame.py:1125] WON'T CONVERT forward /home/drozdovdan/Hebb_Adaptation/nanoGPT/model.py line 978
W0314 20:25:43.488000 2974103 site-packages/torch/_dynamo/convert_frame.py:1125] due to:
W0314 20:25:43.488000 2974103 site-packages/torch/_dynamo/convert_frame.py:1125] Traceback (most recent call last):
W0314 20:25:43.488000 2974103 site-packages/torch/_dynamo/convert_frame.py:1125]   File "/home/drozdovdan/miniconda3/lib/python3.12/site-packages/torch/_dynamo/output_graph.py", line 1446, in _call_user_compiler
W0314 20:25:43.488000 2974103 site-packages/torch/_dynamo/convert_frame.py:1125]     compiled_fn = compiler_fn(gm, self.example_inputs())
W0314 20:25:43.488000 2974103 site-packages/torch/_dynamo/convert_frame.py:1125]                   ^^^^^^^^^^^^^^^^^^^^^^^^^^^^^^^^^^^^^^
W0314 20:25:43.488000 2974103 site-packages/torch/_dynamo/convert_frame.py:1125]   File "/home/drozdovdan/miniconda3/lib/python3.12/site-packages/torch/_dynamo/repro/after_dynamo.py", line 129, in __call__
W0314 20:25:43.488000 2974103 site-packages/torch/_dynamo/convert_frame.py:1125]     compiled_gm = compiler_fn(gm, example_inputs)
W0314 20:25:43.488000 2974103 site-packages/torch/_dynamo/convert_frame.py:1125]                   ^^^^^^^^^^^^^^^^^^^^^^^^^^^^^^^
W0314 20:25:43.488000 2974103 site-packages/torch/_dynamo/convert_frame.py:1125]   File "/home/drozdovdan/miniconda3/lib/python3.12/site-packages/torch/__init__.py", line 2234, in __call__
W0314 20:25:43.488000 2974103 site-packages/torch/_dynamo/convert_frame.py:1125]     return compile_fx(model_, inputs_, config_patches=self.config)
W0314 20:25:43.488000 2974103 site-packages/torch/_dynamo/convert_frame.py:1125]            ^^^^^^^^^^^^^^^^^^^^^^^^^^^^^^^^^^^^^^^^^^^^^^^^^^^^^^^
W0314 20:25:43.488000 2974103 site-packages/torch/_dynamo/convert_frame.py:1125]   File "/home/drozdovdan/miniconda3/lib/python3.12/site-packages/torch/_inductor/compile_fx.py", line 1521, in compile_fx
W0314 20:25:43.488000 2974103 site-packages/torch/_dynamo/convert_frame.py:1125]     return aot_autograd(
W0314 20:25:43.488000 2974103 site-packages/torch/_dynamo/convert_frame.py:1125]            ^^^^^^^^^^^^^
W0314 20:25:43.488000 2974103 site-packages/torch/_dynamo/convert_frame.py:1125]   File "/home/drozdovdan/miniconda3/lib/python3.12/site-packages/torch/_dynamo/backends/common.py", line 72, in __call__
W0314 20:25:43.488000 2974103 site-packages/torch/_dynamo/convert_frame.py:1125]     cg = aot_module_simplified(gm, example_inputs, **self.kwargs)
W0314 20:25:43.488000 2974103 site-packages/torch/_dynamo/convert_frame.py:1125]          ^^^^^^^^^^^^^^^^^^^^^^^^^^^^^^^^^^^^^^^^^^^^^^^^^^^^^^^^
W0314 20:25:43.488000 2974103 site-packages/torch/_dynamo/convert_frame.py:1125]   File "/home/drozdovdan/miniconda3/lib/python3.12/site-packages/torch/_functorch/aot_autograd.py", line 1071, in aot_module_simplified
W0314 20:25:43.488000 2974103 site-packages/torch/_dynamo/convert_frame.py:1125]     compiled_fn = dispatch_and_compile()
W0314 20:25:43.488000 2974103 site-packages/torch/_dynamo/convert_frame.py:1125]                   ^^^^^^^^^^^^^^^^^^^^^^
W0314 20:25:43.488000 2974103 site-packages/torch/_dynamo/convert_frame.py:1125]   File "/home/drozdovdan/miniconda3/lib/python3.12/site-packages/torch/_functorch/aot_autograd.py", line 1056, in dispatch_and_compile
W0314 20:25:43.488000 2974103 site-packages/torch/_dynamo/convert_frame.py:1125]     compiled_fn, _ = create_aot_dispatcher_function(
W0314 20:25:43.488000 2974103 site-packages/torch/_dynamo/convert_frame.py:1125]                      ^^^^^^^^^^^^^^^^^^^^^^^^^^^^^^^
W0314 20:25:43.488000 2974103 site-packages/torch/_dynamo/convert_frame.py:1125]   File "/home/drozdovdan/miniconda3/lib/python3.12/site-packages/torch/_functorch/aot_autograd.py", line 522, in create_aot_dispatcher_function
W0314 20:25:43.488000 2974103 site-packages/torch/_dynamo/convert_frame.py:1125]     return _create_aot_dispatcher_function(
W0314 20:25:43.488000 2974103 site-packages/torch/_dynamo/convert_frame.py:1125]            ^^^^^^^^^^^^^^^^^^^^^^^^^^^^^^^^
W0314 20:25:43.488000 2974103 site-packages/torch/_dynamo/convert_frame.py:1125]   File "/home/drozdovdan/miniconda3/lib/python3.12/site-packages/torch/_functorch/aot_autograd.py", line 759, in _create_aot_dispatcher_function
W0314 20:25:43.488000 2974103 site-packages/torch/_dynamo/convert_frame.py:1125]     compiled_fn, fw_metadata = compiler_fn(
W0314 20:25:43.488000 2974103 site-packages/torch/_dynamo/convert_frame.py:1125]                                ^^^^^^^^^^^^
W0314 20:25:43.488000 2974103 site-packages/torch/_dynamo/convert_frame.py:1125]   File "/home/drozdovdan/miniconda3/lib/python3.12/site-packages/torch/_functorch/_aot_autograd/jit_compile_runtime_wrappers.py", line 179, in aot_dispatch_base
W0314 20:25:43.488000 2974103 site-packages/torch/_dynamo/convert_frame.py:1125]     compiled_fw = compiler(fw_module, updated_flat_args)
W0314 20:25:43.488000 2974103 site-packages/torch/_dynamo/convert_frame.py:1125]                   ^^^^^^^^^^^^^^^^^^^^^^^^^^^^^^^^^^^^^^
W0314 20:25:43.488000 2974103 site-packages/torch/_dynamo/convert_frame.py:1125]   File "/home/drozdovdan/miniconda3/lib/python3.12/site-packages/torch/_inductor/compile_fx.py", line 1350, in fw_compiler_base
W0314 20:25:43.488000 2974103 site-packages/torch/_dynamo/convert_frame.py:1125]     return _fw_compiler_base(model, example_inputs, is_inference)
W0314 20:25:43.488000 2974103 site-packages/torch/_dynamo/convert_frame.py:1125]            ^^^^^^^^^^^^^^^^^^^^^^^^^^^^^^^^^^^^^^^^^^^^^^^^^^^^^^
W0314 20:25:43.488000 2974103 site-packages/torch/_dynamo/convert_frame.py:1125]   File "/home/drozdovdan/miniconda3/lib/python3.12/site-packages/torch/_inductor/compile_fx.py", line 1421, in _fw_compiler_base
W0314 20:25:43.488000 2974103 site-packages/torch/_dynamo/convert_frame.py:1125]     return inner_compile(
W0314 20:25:43.488000 2974103 site-packages/torch/_dynamo/convert_frame.py:1125]            ^^^^^^^^^^^^^^
W0314 20:25:43.488000 2974103 site-packages/torch/_dynamo/convert_frame.py:1125]   File "/home/drozdovdan/miniconda3/lib/python3.12/site-packages/torch/_inductor/compile_fx.py", line 475, in compile_fx_inner
W0314 20:25:43.488000 2974103 site-packages/torch/_dynamo/convert_frame.py:1125]     return wrap_compiler_debug(_compile_fx_inner, compiler_name="inductor")(
W0314 20:25:43.488000 2974103 site-packages/torch/_dynamo/convert_frame.py:1125]            ^^^^^^^^^^^^^^^^^^^^^^^^^^^^^^^^^^^^^^^^^^^^^^^^^^^^^^^^^^^^^^^^^
W0314 20:25:43.488000 2974103 site-packages/torch/_dynamo/convert_frame.py:1125]   File "/home/drozdovdan/miniconda3/lib/python3.12/site-packages/torch/_dynamo/repro/after_aot.py", line 85, in debug_wrapper
W0314 20:25:43.488000 2974103 site-packages/torch/_dynamo/convert_frame.py:1125]     inner_compiled_fn = compiler_fn(gm, example_inputs)
W0314 20:25:43.488000 2974103 site-packages/torch/_dynamo/convert_frame.py:1125]                         ^^^^^^^^^^^^^^^^^^^^^^^^^^^^^^^
W0314 20:25:43.488000 2974103 site-packages/torch/_dynamo/convert_frame.py:1125]   File "/home/drozdovdan/miniconda3/lib/python3.12/site-packages/torch/_inductor/compile_fx.py", line 661, in _compile_fx_inner
W0314 20:25:43.488000 2974103 site-packages/torch/_dynamo/convert_frame.py:1125]     compiled_graph = FxGraphCache.load(
W0314 20:25:43.488000 2974103 site-packages/torch/_dynamo/convert_frame.py:1125]                      ^^^^^^^^^^^^^^^^^^
W0314 20:25:43.488000 2974103 site-packages/torch/_dynamo/convert_frame.py:1125]   File "/home/drozdovdan/miniconda3/lib/python3.12/site-packages/torch/_inductor/codecache.py", line 1334, in load
W0314 20:25:43.488000 2974103 site-packages/torch/_dynamo/convert_frame.py:1125]     compiled_graph = compile_fx_fn(
W0314 20:25:43.488000 2974103 site-packages/torch/_dynamo/convert_frame.py:1125]                      ^^^^^^^^^^^^^^
W0314 20:25:43.488000 2974103 site-packages/torch/_dynamo/convert_frame.py:1125]   File "/home/drozdovdan/miniconda3/lib/python3.12/site-packages/torch/_inductor/compile_fx.py", line 570, in codegen_and_compile
W0314 20:25:43.488000 2974103 site-packages/torch/_dynamo/convert_frame.py:1125]     compiled_graph = fx_codegen_and_compile(gm, example_inputs, **fx_kwargs)
W0314 20:25:43.488000 2974103 site-packages/torch/_dynamo/convert_frame.py:1125]                      ^^^^^^^^^^^^^^^^^^^^^^^^^^^^^^^^^^^^^^^^^^^^^^^^^^^^^^^
W0314 20:25:43.488000 2974103 site-packages/torch/_dynamo/convert_frame.py:1125]   File "/home/drozdovdan/miniconda3/lib/python3.12/site-packages/torch/_inductor/compile_fx.py", line 789, in fx_codegen_and_compile
W0314 20:25:43.488000 2974103 site-packages/torch/_dynamo/convert_frame.py:1125]     _recursive_post_grad_passes(gm, is_inference=is_inference)
W0314 20:25:43.488000 2974103 site-packages/torch/_dynamo/convert_frame.py:1125]   File "/home/drozdovdan/miniconda3/lib/python3.12/site-packages/torch/_inductor/compile_fx.py", line 288, in _recursive_post_grad_passes
W0314 20:25:43.488000 2974103 site-packages/torch/_dynamo/convert_frame.py:1125]     post_grad_passes(gm, is_inference)
W0314 20:25:43.488000 2974103 site-packages/torch/_dynamo/convert_frame.py:1125]   File "/home/drozdovdan/miniconda3/lib/python3.12/site-packages/torch/_inductor/fx_passes/post_grad.py", line 100, in post_grad_passes
W0314 20:25:43.488000 2974103 site-packages/torch/_dynamo/convert_frame.py:1125]     patterns.apply(gm.graph)  # type: ignore[arg-type]
W0314 20:25:43.488000 2974103 site-packages/torch/_dynamo/convert_frame.py:1125]     ^^^^^^^^^^^^^^^^^^^^^^^^
W0314 20:25:43.488000 2974103 site-packages/torch/_dynamo/convert_frame.py:1125]   File "/home/drozdovdan/miniconda3/lib/python3.12/site-packages/torch/_inductor/pattern_matcher.py", line 1729, in apply
W0314 20:25:43.488000 2974103 site-packages/torch/_dynamo/convert_frame.py:1125]     if is_match(m) and entry.extra_check(m):
W0314 20:25:43.488000 2974103 site-packages/torch/_dynamo/convert_frame.py:1125]                        ^^^^^^^^^^^^^^^^^^^^
W0314 20:25:43.488000 2974103 site-packages/torch/_dynamo/convert_frame.py:1125]   File "/home/drozdovdan/miniconda3/lib/python3.12/site-packages/torch/_inductor/fx_passes/quantization.py", line 1448, in fn
W0314 20:25:43.488000 2974103 site-packages/torch/_dynamo/convert_frame.py:1125]     scales = match.kwargs["scales"].meta["val"]
W0314 20:25:43.488000 2974103 site-packages/torch/_dynamo/convert_frame.py:1125]              ^^^^^^^^^^^^^^^^^^^^^^^^^^^
W0314 20:25:43.488000 2974103 site-packages/torch/_dynamo/convert_frame.py:1125] AttributeError: 'float' object has no attribute 'meta'
W0314 20:25:43.488000 2974103 site-packages/torch/_dynamo/convert_frame.py:1125]
W0314 20:25:43.488000 2974103 site-packages/torch/_dynamo/convert_frame.py:1125] The above exception was the direct cause of the following exception:
W0314 20:25:43.488000 2974103 site-packages/torch/_dynamo/convert_frame.py:1125]
W0314 20:25:43.488000 2974103 site-packages/torch/_dynamo/convert_frame.py:1125] Traceback (most recent call last):
W0314 20:25:43.488000 2974103 site-packages/torch/_dynamo/convert_frame.py:1125]   File "/home/drozdovdan/miniconda3/lib/python3.12/site-packages/torch/_dynamo/convert_frame.py", line 1064, in __call__
W0314 20:25:43.488000 2974103 site-packages/torch/_dynamo/convert_frame.py:1125]     result = self._inner_convert(
W0314 20:25:43.488000 2974103 site-packages/torch/_dynamo/convert_frame.py:1125]              ^^^^^^^^^^^^^^^^^^^^
W0314 20:25:43.488000 2974103 site-packages/torch/_dynamo/convert_frame.py:1125]   File "/home/drozdovdan/miniconda3/lib/python3.12/site-packages/torch/_dynamo/convert_frame.py", line 526, in __call__
W0314 20:25:43.488000 2974103 site-packages/torch/_dynamo/convert_frame.py:1125]     return _compile(
W0314 20:25:43.488000 2974103 site-packages/torch/_dynamo/convert_frame.py:1125]            ^^^^^^^^^
W0314 20:25:43.488000 2974103 site-packages/torch/_dynamo/convert_frame.py:1125]   File "/home/drozdovdan/miniconda3/lib/python3.12/site-packages/torch/_dynamo/convert_frame.py", line 924, in _compile
W0314 20:25:43.488000 2974103 site-packages/torch/_dynamo/convert_frame.py:1125]     guarded_code = compile_inner(code, one_graph, hooks, transform)
W0314 20:25:43.488000 2974103 site-packages/torch/_dynamo/convert_frame.py:1125]                    ^^^^^^^^^^^^^^^^^^^^^^^^^^^^^^^^^^^^^^^^^^^^^^^^
W0314 20:25:43.488000 2974103 site-packages/torch/_dynamo/convert_frame.py:1125]   File "/home/drozdovdan/miniconda3/lib/python3.12/site-packages/torch/_dynamo/convert_frame.py", line 666, in compile_inner
W0314 20:25:43.488000 2974103 site-packages/torch/_dynamo/convert_frame.py:1125]     return _compile_inner(code, one_graph, hooks, transform)
W0314 20:25:43.488000 2974103 site-packages/torch/_dynamo/convert_frame.py:1125]            ^^^^^^^^^^^^^^^^^^^^^^^^^^^^^^^^^^^^^^^^^^^^^^^^^
W0314 20:25:43.488000 2974103 site-packages/torch/_dynamo/convert_frame.py:1125]   File "/home/drozdovdan/miniconda3/lib/python3.12/site-packages/torch/_utils_internal.py", line 87, in wrapper_function
W0314 20:25:43.488000 2974103 site-packages/torch/_dynamo/convert_frame.py:1125]     return function(*args, **kwargs)
W0314 20:25:43.488000 2974103 site-packages/torch/_dynamo/convert_frame.py:1125]            ^^^^^^^^^^^^^^^^^^^^^^^^^
W0314 20:25:43.488000 2974103 site-packages/torch/_dynamo/convert_frame.py:1125]   File "/home/drozdovdan/miniconda3/lib/python3.12/site-packages/torch/_dynamo/convert_frame.py", line 699, in _compile_inner
W0314 20:25:43.488000 2974103 site-packages/torch/_dynamo/convert_frame.py:1125]     out_code = transform_code_object(code, transform)
W0314 20:25:43.488000 2974103 site-packages/torch/_dynamo/convert_frame.py:1125]                ^^^^^^^^^^^^^^^^^^^^^^^^^^^^^^^^^^^^^^
W0314 20:25:43.488000 2974103 site-packages/torch/_dynamo/convert_frame.py:1125]   File "/home/drozdovdan/miniconda3/lib/python3.12/site-packages/torch/_dynamo/bytecode_transformation.py", line 1322, in transform_code_object
W0314 20:25:43.488000 2974103 site-packages/torch/_dynamo/convert_frame.py:1125]     transformations(instructions, code_options)
W0314 20:25:43.488000 2974103 site-packages/torch/_dynamo/convert_frame.py:1125]   File "/home/drozdovdan/miniconda3/lib/python3.12/site-packages/torch/_dynamo/convert_frame.py", line 219, in _fn
W0314 20:25:43.488000 2974103 site-packages/torch/_dynamo/convert_frame.py:1125]     return fn(*args, **kwargs)
W0314 20:25:43.488000 2974103 site-packages/torch/_dynamo/convert_frame.py:1125]            ^^^^^^^^^^^^^^^^^^^
W0314 20:25:43.488000 2974103 site-packages/torch/_dynamo/convert_frame.py:1125]   File "/home/drozdovdan/miniconda3/lib/python3.12/site-packages/torch/_dynamo/convert_frame.py", line 634, in transform
W0314 20:25:43.488000 2974103 site-packages/torch/_dynamo/convert_frame.py:1125]     tracer.run()
W0314 20:25:43.488000 2974103 site-packages/torch/_dynamo/convert_frame.py:1125]   File "/home/drozdovdan/miniconda3/lib/python3.12/site-packages/torch/_dynamo/symbolic_convert.py", line 2796, in run
W0314 20:25:43.488000 2974103 site-packages/torch/_dynamo/convert_frame.py:1125]     super().run()
W0314 20:25:43.488000 2974103 site-packages/torch/_dynamo/convert_frame.py:1125]   File "/home/drozdovdan/miniconda3/lib/python3.12/site-packages/torch/_dynamo/symbolic_convert.py", line 983, in run
W0314 20:25:43.488000 2974103 site-packages/torch/_dynamo/convert_frame.py:1125]     while self.step():
W0314 20:25:43.488000 2974103 site-packages/torch/_dynamo/convert_frame.py:1125]           ^^^^^^^^^^^
W0314 20:25:43.488000 2974103 site-packages/torch/_dynamo/convert_frame.py:1125]   File "/home/drozdovdan/miniconda3/lib/python3.12/site-packages/torch/_dynamo/symbolic_convert.py", line 895, in step
W0314 20:25:43.488000 2974103 site-packages/torch/_dynamo/convert_frame.py:1125]     self.dispatch_table[inst.opcode](self, inst)
W0314 20:25:43.488000 2974103 site-packages/torch/_dynamo/convert_frame.py:1125]   File "/home/drozdovdan/miniconda3/lib/python3.12/site-packages/torch/_dynamo/symbolic_convert.py", line 2987, in RETURN_VALUE
W0314 20:25:43.488000 2974103 site-packages/torch/_dynamo/convert_frame.py:1125]     self._return(inst)
W0314 20:25:43.488000 2974103 site-packages/torch/_dynamo/convert_frame.py:1125]   File "/home/drozdovdan/miniconda3/lib/python3.12/site-packages/torch/_dynamo/symbolic_convert.py", line 2972, in _return
W0314 20:25:43.488000 2974103 site-packages/torch/_dynamo/convert_frame.py:1125]     self.output.compile_subgraph(
W0314 20:25:43.488000 2974103 site-packages/torch/_dynamo/convert_frame.py:1125]   File "/home/drozdovdan/miniconda3/lib/python3.12/site-packages/torch/_dynamo/output_graph.py", line 1142, in compile_subgraph
W0314 20:25:43.488000 2974103 site-packages/torch/_dynamo/convert_frame.py:1125]     self.compile_and_call_fx_graph(tx, pass2.graph_output_vars(), root)
W0314 20:25:43.488000 2974103 site-packages/torch/_dynamo/convert_frame.py:1125]   File "/home/drozdovdan/miniconda3/lib/python3.12/site-packages/torch/_dynamo/output_graph.py", line 1369, in compile_and_call_fx_graph
W0314 20:25:43.488000 2974103 site-packages/torch/_dynamo/convert_frame.py:1125]     compiled_fn = self.call_user_compiler(gm)
W0314 20:25:43.488000 2974103 site-packages/torch/_dynamo/convert_frame.py:1125]                   ^^^^^^^^^^^^^^^^^^^^^^^^^^^
W0314 20:25:43.488000 2974103 site-packages/torch/_dynamo/convert_frame.py:1125]   File "/home/drozdovdan/miniconda3/lib/python3.12/site-packages/torch/_dynamo/output_graph.py", line 1416, in call_user_compiler
W0314 20:25:43.488000 2974103 site-packages/torch/_dynamo/convert_frame.py:1125]     return self._call_user_compiler(gm)
W0314 20:25:43.488000 2974103 site-packages/torch/_dynamo/convert_frame.py:1125]            ^^^^^^^^^^^^^^^^^^^^^^^^^^^^
W0314 20:25:43.488000 2974103 site-packages/torch/_dynamo/convert_frame.py:1125]   File "/home/drozdovdan/miniconda3/lib/python3.12/site-packages/torch/_dynamo/output_graph.py", line 1465, in _call_user_compiler
W0314 20:25:43.488000 2974103 site-packages/torch/_dynamo/convert_frame.py:1125]     raise BackendCompilerFailed(self.compiler_fn, e) from e
W0314 20:25:43.488000 2974103 site-packages/torch/_dynamo/convert_frame.py:1125] torch._dynamo.exc.BackendCompilerFailed: backend='inductor' raised:
W0314 20:25:43.488000 2974103 site-packages/torch/_dynamo/convert_frame.py:1125] AttributeError: 'float' object has no attribute 'meta'
W0314 20:25:43.488000 2974103 site-packages/torch/_dynamo/convert_frame.py:1125]
W0314 20:25:43.488000 2974103 site-packages/torch/_dynamo/convert_frame.py:1125] Set TORCH_LOGS="+dynamo" and TORCHDYNAMO_VERBOSE=1 for more information
W0314 20:25:43.488000 2974103 site-packages/torch/_dynamo/convert_frame.py:1125]
W0314 20:25:43.488000 2974103 site-packages/torch/_dynamo/convert_frame.py:1125] Traceback (most recent call last):
W0314 20:25:43.488000 2974103 site-packages/torch/_dynamo/convert_frame.py:1125]   File "/home/drozdovdan/miniconda3/lib/python3.12/site-packages/torch/_dynamo/output_graph.py", line 1446, in _call_user_compiler
W0314 20:25:43.488000 2974103 site-packages/torch/_dynamo/convert_frame.py:1125]     compiled_fn = compiler_fn(gm, self.example_inputs())
W0314 20:25:43.488000 2974103 site-packages/torch/_dynamo/convert_frame.py:1125]                   ^^^^^^^^^^^^^^^^^^^^^^^^^^^^^^^^^^^^^^
W0314 20:25:43.488000 2974103 site-packages/torch/_dynamo/convert_frame.py:1125]   File "/home/drozdovdan/miniconda3/lib/python3.12/site-packages/torch/_dynamo/repro/after_dynamo.py", line 129, in __call__
W0314 20:25:43.488000 2974103 site-packages/torch/_dynamo/convert_frame.py:1125]     compiled_gm = compiler_fn(gm, example_inputs)
W0314 20:25:43.488000 2974103 site-packages/torch/_dynamo/convert_frame.py:1125]                   ^^^^^^^^^^^^^^^^^^^^^^^^^^^^^^^
W0314 20:25:43.488000 2974103 site-packages/torch/_dynamo/convert_frame.py:1125]   File "/home/drozdovdan/miniconda3/lib/python3.12/site-packages/torch/__init__.py", line 2234, in __call__
W0314 20:25:43.488000 2974103 site-packages/torch/_dynamo/convert_frame.py:1125]     return compile_fx(model_, inputs_, config_patches=self.config)
W0314 20:25:43.488000 2974103 site-packages/torch/_dynamo/convert_frame.py:1125]            ^^^^^^^^^^^^^^^^^^^^^^^^^^^^^^^^^^^^^^^^^^^^^^^^^^^^^^^
W0314 20:25:43.488000 2974103 site-packages/torch/_dynamo/convert_frame.py:1125]   File "/home/drozdovdan/miniconda3/lib/python3.12/site-packages/torch/_inductor/compile_fx.py", line 1521, in compile_fx
W0314 20:25:43.488000 2974103 site-packages/torch/_dynamo/convert_frame.py:1125]     return aot_autograd(
W0314 20:25:43.488000 2974103 site-packages/torch/_dynamo/convert_frame.py:1125]            ^^^^^^^^^^^^^
W0314 20:25:43.488000 2974103 site-packages/torch/_dynamo/convert_frame.py:1125]   File "/home/drozdovdan/miniconda3/lib/python3.12/site-packages/torch/_dynamo/backends/common.py", line 72, in __call__
W0314 20:25:43.488000 2974103 site-packages/torch/_dynamo/convert_frame.py:1125]     cg = aot_module_simplified(gm, example_inputs, **self.kwargs)
W0314 20:25:43.488000 2974103 site-packages/torch/_dynamo/convert_frame.py:1125]          ^^^^^^^^^^^^^^^^^^^^^^^^^^^^^^^^^^^^^^^^^^^^^^^^^^^^^^^^
W0314 20:25:43.488000 2974103 site-packages/torch/_dynamo/convert_frame.py:1125]   File "/home/drozdovdan/miniconda3/lib/python3.12/site-packages/torch/_functorch/aot_autograd.py", line 1071, in aot_module_simplified
W0314 20:25:43.488000 2974103 site-packages/torch/_dynamo/convert_frame.py:1125]     compiled_fn = dispatch_and_compile()
W0314 20:25:43.488000 2974103 site-packages/torch/_dynamo/convert_frame.py:1125]                   ^^^^^^^^^^^^^^^^^^^^^^
W0314 20:25:43.488000 2974103 site-packages/torch/_dynamo/convert_frame.py:1125]   File "/home/drozdovdan/miniconda3/lib/python3.12/site-packages/torch/_functorch/aot_autograd.py", line 1056, in dispatch_and_compile
W0314 20:25:43.488000 2974103 site-packages/torch/_dynamo/convert_frame.py:1125]     compiled_fn, _ = create_aot_dispatcher_function(
W0314 20:25:43.488000 2974103 site-packages/torch/_dynamo/convert_frame.py:1125]                      ^^^^^^^^^^^^^^^^^^^^^^^^^^^^^^^
W0314 20:25:43.488000 2974103 site-packages/torch/_dynamo/convert_frame.py:1125]   File "/home/drozdovdan/miniconda3/lib/python3.12/site-packages/torch/_functorch/aot_autograd.py", line 522, in create_aot_dispatcher_function
W0314 20:25:43.488000 2974103 site-packages/torch/_dynamo/convert_frame.py:1125]     return _create_aot_dispatcher_function(
W0314 20:25:43.488000 2974103 site-packages/torch/_dynamo/convert_frame.py:1125]            ^^^^^^^^^^^^^^^^^^^^^^^^^^^^^^^^
W0314 20:25:43.488000 2974103 site-packages/torch/_dynamo/convert_frame.py:1125]   File "/home/drozdovdan/miniconda3/lib/python3.12/site-packages/torch/_functorch/aot_autograd.py", line 759, in _create_aot_dispatcher_function
W0314 20:25:43.488000 2974103 site-packages/torch/_dynamo/convert_frame.py:1125]     compiled_fn, fw_metadata = compiler_fn(
W0314 20:25:43.488000 2974103 site-packages/torch/_dynamo/convert_frame.py:1125]                                ^^^^^^^^^^^^
W0314 20:25:43.488000 2974103 site-packages/torch/_dynamo/convert_frame.py:1125]   File "/home/drozdovdan/miniconda3/lib/python3.12/site-packages/torch/_functorch/_aot_autograd/jit_compile_runtime_wrappers.py", line 179, in aot_dispatch_base
W0314 20:25:43.488000 2974103 site-packages/torch/_dynamo/convert_frame.py:1125]     compiled_fw = compiler(fw_module, updated_flat_args)
W0314 20:25:43.488000 2974103 site-packages/torch/_dynamo/convert_frame.py:1125]                   ^^^^^^^^^^^^^^^^^^^^^^^^^^^^^^^^^^^^^^
W0314 20:25:43.488000 2974103 site-packages/torch/_dynamo/convert_frame.py:1125]   File "/home/drozdovdan/miniconda3/lib/python3.12/site-packages/torch/_inductor/compile_fx.py", line 1350, in fw_compiler_base
W0314 20:25:43.488000 2974103 site-packages/torch/_dynamo/convert_frame.py:1125]     return _fw_compiler_base(model, example_inputs, is_inference)
W0314 20:25:43.488000 2974103 site-packages/torch/_dynamo/convert_frame.py:1125]            ^^^^^^^^^^^^^^^^^^^^^^^^^^^^^^^^^^^^^^^^^^^^^^^^^^^^^^
W0314 20:25:43.488000 2974103 site-packages/torch/_dynamo/convert_frame.py:1125]   File "/home/drozdovdan/miniconda3/lib/python3.12/site-packages/torch/_inductor/compile_fx.py", line 1421, in _fw_compiler_base
W0314 20:25:43.488000 2974103 site-packages/torch/_dynamo/convert_frame.py:1125]     return inner_compile(
W0314 20:25:43.488000 2974103 site-packages/torch/_dynamo/convert_frame.py:1125]            ^^^^^^^^^^^^^^
W0314 20:25:43.488000 2974103 site-packages/torch/_dynamo/convert_frame.py:1125]   File "/home/drozdovdan/miniconda3/lib/python3.12/site-packages/torch/_inductor/compile_fx.py", line 475, in compile_fx_inner
W0314 20:25:43.488000 2974103 site-packages/torch/_dynamo/convert_frame.py:1125]     return wrap_compiler_debug(_compile_fx_inner, compiler_name="inductor")(
W0314 20:25:43.488000 2974103 site-packages/torch/_dynamo/convert_frame.py:1125]            ^^^^^^^^^^^^^^^^^^^^^^^^^^^^^^^^^^^^^^^^^^^^^^^^^^^^^^^^^^^^^^^^^
W0314 20:25:43.488000 2974103 site-packages/torch/_dynamo/convert_frame.py:1125]   File "/home/drozdovdan/miniconda3/lib/python3.12/site-packages/torch/_dynamo/repro/after_aot.py", line 85, in debug_wrapper
W0314 20:25:43.488000 2974103 site-packages/torch/_dynamo/convert_frame.py:1125]     inner_compiled_fn = compiler_fn(gm, example_inputs)
W0314 20:25:43.488000 2974103 site-packages/torch/_dynamo/convert_frame.py:1125]                         ^^^^^^^^^^^^^^^^^^^^^^^^^^^^^^^
W0314 20:25:43.488000 2974103 site-packages/torch/_dynamo/convert_frame.py:1125]   File "/home/drozdovdan/miniconda3/lib/python3.12/site-packages/torch/_inductor/compile_fx.py", line 661, in _compile_fx_inner
W0314 20:25:43.488000 2974103 site-packages/torch/_dynamo/convert_frame.py:1125]     compiled_graph = FxGraphCache.load(
W0314 20:25:43.488000 2974103 site-packages/torch/_dynamo/convert_frame.py:1125]                      ^^^^^^^^^^^^^^^^^^
W0314 20:25:43.488000 2974103 site-packages/torch/_dynamo/convert_frame.py:1125]   File "/home/drozdovdan/miniconda3/lib/python3.12/site-packages/torch/_inductor/codecache.py", line 1334, in load
W0314 20:25:43.488000 2974103 site-packages/torch/_dynamo/convert_frame.py:1125]     compiled_graph = compile_fx_fn(
W0314 20:25:43.488000 2974103 site-packages/torch/_dynamo/convert_frame.py:1125]                      ^^^^^^^^^^^^^^
W0314 20:25:43.488000 2974103 site-packages/torch/_dynamo/convert_frame.py:1125]   File "/home/drozdovdan/miniconda3/lib/python3.12/site-packages/torch/_inductor/compile_fx.py", line 570, in codegen_and_compile
W0314 20:25:43.488000 2974103 site-packages/torch/_dynamo/convert_frame.py:1125]     compiled_graph = fx_codegen_and_compile(gm, example_inputs, **fx_kwargs)
W0314 20:25:43.488000 2974103 site-packages/torch/_dynamo/convert_frame.py:1125]                      ^^^^^^^^^^^^^^^^^^^^^^^^^^^^^^^^^^^^^^^^^^^^^^^^^^^^^^^
W0314 20:25:43.488000 2974103 site-packages/torch/_dynamo/convert_frame.py:1125]   File "/home/drozdovdan/miniconda3/lib/python3.12/site-packages/torch/_inductor/compile_fx.py", line 789, in fx_codegen_and_compile
W0314 20:25:43.488000 2974103 site-packages/torch/_dynamo/convert_frame.py:1125]     _recursive_post_grad_passes(gm, is_inference=is_inference)
W0314 20:25:43.488000 2974103 site-packages/torch/_dynamo/convert_frame.py:1125]   File "/home/drozdovdan/miniconda3/lib/python3.12/site-packages/torch/_inductor/compile_fx.py", line 288, in _recursive_post_grad_passes
W0314 20:25:43.488000 2974103 site-packages/torch/_dynamo/convert_frame.py:1125]     post_grad_passes(gm, is_inference)
W0314 20:25:43.488000 2974103 site-packages/torch/_dynamo/convert_frame.py:1125]   File "/home/drozdovdan/miniconda3/lib/python3.12/site-packages/torch/_inductor/fx_passes/post_grad.py", line 100, in post_grad_passes
W0314 20:25:43.488000 2974103 site-packages/torch/_dynamo/convert_frame.py:1125]     patterns.apply(gm.graph)  # type: ignore[arg-type]
W0314 20:25:43.488000 2974103 site-packages/torch/_dynamo/convert_frame.py:1125]     ^^^^^^^^^^^^^^^^^^^^^^^^
W0314 20:25:43.488000 2974103 site-packages/torch/_dynamo/convert_frame.py:1125]   File "/home/drozdovdan/miniconda3/lib/python3.12/site-packages/torch/_inductor/pattern_matcher.py", line 1729, in apply
W0314 20:25:43.488000 2974103 site-packages/torch/_dynamo/convert_frame.py:1125]     if is_match(m) and entry.extra_check(m):
W0314 20:25:43.488000 2974103 site-packages/torch/_dynamo/convert_frame.py:1125]                        ^^^^^^^^^^^^^^^^^^^^
W0314 20:25:43.488000 2974103 site-packages/torch/_dynamo/convert_frame.py:1125]   File "/home/drozdovdan/miniconda3/lib/python3.12/site-packages/torch/_inductor/fx_passes/quantization.py", line 1448, in fn
W0314 20:25:43.488000 2974103 site-packages/torch/_dynamo/convert_frame.py:1125]     scales = match.kwargs["scales"].meta["val"]
W0314 20:25:43.488000 2974103 site-packages/torch/_dynamo/convert_frame.py:1125]              ^^^^^^^^^^^^^^^^^^^^^^^^^^^
W0314 20:25:43.488000 2974103 site-packages/torch/_dynamo/convert_frame.py:1125] AttributeError: 'float' object has no attribute 'meta'
W0314 20:25:43.488000 2974103 site-packages/torch/_dynamo/convert_frame.py:1125]
W0314 20:25:43.488000 2974103 site-packages/torch/_dynamo/convert_frame.py:1125] The above exception was the direct cause of the following exception:
W0314 20:25:43.488000 2974103 site-packages/torch/_dynamo/convert_frame.py:1125]
W0314 20:25:43.488000 2974103 site-packages/torch/_dynamo/convert_frame.py:1125] Traceback (most recent call last):
W0314 20:25:43.488000 2974103 site-packages/torch/_dynamo/convert_frame.py:1125]   File "/home/drozdovdan/miniconda3/lib/python3.12/site-packages/torch/_dynamo/convert_frame.py", line 1064, in __call__
W0314 20:25:43.488000 2974103 site-packages/torch/_dynamo/convert_frame.py:1125]     result = self._inner_convert(
W0314 20:25:43.488000 2974103 site-packages/torch/_dynamo/convert_frame.py:1125]              ^^^^^^^^^^^^^^^^^^^^
W0314 20:25:43.488000 2974103 site-packages/torch/_dynamo/convert_frame.py:1125]   File "/home/drozdovdan/miniconda3/lib/python3.12/site-packages/torch/_dynamo/convert_frame.py", line 526, in __call__
W0314 20:25:43.488000 2974103 site-packages/torch/_dynamo/convert_frame.py:1125]     return _compile(
W0314 20:25:43.488000 2974103 site-packages/torch/_dynamo/convert_frame.py:1125]            ^^^^^^^^^
W0314 20:25:43.488000 2974103 site-packages/torch/_dynamo/convert_frame.py:1125]   File "/home/drozdovdan/miniconda3/lib/python3.12/site-packages/torch/_dynamo/convert_frame.py", line 924, in _compile
W0314 20:25:43.488000 2974103 site-packages/torch/_dynamo/convert_frame.py:1125]     guarded_code = compile_inner(code, one_graph, hooks, transform)
W0314 20:25:43.488000 2974103 site-packages/torch/_dynamo/convert_frame.py:1125]                    ^^^^^^^^^^^^^^^^^^^^^^^^^^^^^^^^^^^^^^^^^^^^^^^^
W0314 20:25:43.488000 2974103 site-packages/torch/_dynamo/convert_frame.py:1125]   File "/home/drozdovdan/miniconda3/lib/python3.12/site-packages/torch/_dynamo/convert_frame.py", line 666, in compile_inner
W0314 20:25:43.488000 2974103 site-packages/torch/_dynamo/convert_frame.py:1125]     return _compile_inner(code, one_graph, hooks, transform)
W0314 20:25:43.488000 2974103 site-packages/torch/_dynamo/convert_frame.py:1125]            ^^^^^^^^^^^^^^^^^^^^^^^^^^^^^^^^^^^^^^^^^^^^^^^^^
W0314 20:25:43.488000 2974103 site-packages/torch/_dynamo/convert_frame.py:1125]   File "/home/drozdovdan/miniconda3/lib/python3.12/site-packages/torch/_utils_internal.py", line 87, in wrapper_function
W0314 20:25:43.488000 2974103 site-packages/torch/_dynamo/convert_frame.py:1125]     return function(*args, **kwargs)
W0314 20:25:43.488000 2974103 site-packages/torch/_dynamo/convert_frame.py:1125]            ^^^^^^^^^^^^^^^^^^^^^^^^^
W0314 20:25:43.488000 2974103 site-packages/torch/_dynamo/convert_frame.py:1125]   File "/home/drozdovdan/miniconda3/lib/python3.12/site-packages/torch/_dynamo/convert_frame.py", line 699, in _compile_inner
W0314 20:25:43.488000 2974103 site-packages/torch/_dynamo/convert_frame.py:1125]     out_code = transform_code_object(code, transform)
W0314 20:25:43.488000 2974103 site-packages/torch/_dynamo/convert_frame.py:1125]                ^^^^^^^^^^^^^^^^^^^^^^^^^^^^^^^^^^^^^^
W0314 20:25:43.488000 2974103 site-packages/torch/_dynamo/convert_frame.py:1125]   File "/home/drozdovdan/miniconda3/lib/python3.12/site-packages/torch/_dynamo/bytecode_transformation.py", line 1322, in transform_code_object
W0314 20:25:43.488000 2974103 site-packages/torch/_dynamo/convert_frame.py:1125]     transformations(instructions, code_options)
W0314 20:25:43.488000 2974103 site-packages/torch/_dynamo/convert_frame.py:1125]   File "/home/drozdovdan/miniconda3/lib/python3.12/site-packages/torch/_dynamo/convert_frame.py", line 219, in _fn
W0314 20:25:43.488000 2974103 site-packages/torch/_dynamo/convert_frame.py:1125]     return fn(*args, **kwargs)
W0314 20:25:43.488000 2974103 site-packages/torch/_dynamo/convert_frame.py:1125]            ^^^^^^^^^^^^^^^^^^^
W0314 20:25:43.488000 2974103 site-packages/torch/_dynamo/convert_frame.py:1125]   File "/home/drozdovdan/miniconda3/lib/python3.12/site-packages/torch/_dynamo/convert_frame.py", line 634, in transform
W0314 20:25:43.488000 2974103 site-packages/torch/_dynamo/convert_frame.py:1125]     tracer.run()
W0314 20:25:43.488000 2974103 site-packages/torch/_dynamo/convert_frame.py:1125]   File "/home/drozdovdan/miniconda3/lib/python3.12/site-packages/torch/_dynamo/symbolic_convert.py", line 2796, in run
W0314 20:25:43.488000 2974103 site-packages/torch/_dynamo/convert_frame.py:1125]     super().run()
W0314 20:25:43.488000 2974103 site-packages/torch/_dynamo/convert_frame.py:1125]   File "/home/drozdovdan/miniconda3/lib/python3.12/site-packages/torch/_dynamo/symbolic_convert.py", line 983, in run
W0314 20:25:43.488000 2974103 site-packages/torch/_dynamo/convert_frame.py:1125]     while self.step():
W0314 20:25:43.488000 2974103 site-packages/torch/_dynamo/convert_frame.py:1125]           ^^^^^^^^^^^
W0314 20:25:43.488000 2974103 site-packages/torch/_dynamo/convert_frame.py:1125]   File "/home/drozdovdan/miniconda3/lib/python3.12/site-packages/torch/_dynamo/symbolic_convert.py", line 895, in step
W0314 20:25:43.488000 2974103 site-packages/torch/_dynamo/convert_frame.py:1125]     self.dispatch_table[inst.opcode](self, inst)
W0314 20:25:43.488000 2974103 site-packages/torch/_dynamo/convert_frame.py:1125]   File "/home/drozdovdan/miniconda3/lib/python3.12/site-packages/torch/_dynamo/symbolic_convert.py", line 2987, in RETURN_VALUE
W0314 20:25:43.488000 2974103 site-packages/torch/_dynamo/convert_frame.py:1125]     self._return(inst)
W0314 20:25:43.488000 2974103 site-packages/torch/_dynamo/convert_frame.py:1125]   File "/home/drozdovdan/miniconda3/lib/python3.12/site-packages/torch/_dynamo/symbolic_convert.py", line 2972, in _return
W0314 20:25:43.488000 2974103 site-packages/torch/_dynamo/convert_frame.py:1125]     self.output.compile_subgraph(
W0314 20:25:43.488000 2974103 site-packages/torch/_dynamo/convert_frame.py:1125]   File "/home/drozdovdan/miniconda3/lib/python3.12/site-packages/torch/_dynamo/output_graph.py", line 1142, in compile_subgraph
W0314 20:25:43.488000 2974103 site-packages/torch/_dynamo/convert_frame.py:1125]     self.compile_and_call_fx_graph(tx, pass2.graph_output_vars(), root)
W0314 20:25:43.488000 2974103 site-packages/torch/_dynamo/convert_frame.py:1125]   File "/home/drozdovdan/miniconda3/lib/python3.12/site-packages/torch/_dynamo/output_graph.py", line 1369, in compile_and_call_fx_graph
W0314 20:25:43.488000 2974103 site-packages/torch/_dynamo/convert_frame.py:1125]     compiled_fn = self.call_user_compiler(gm)
W0314 20:25:43.488000 2974103 site-packages/torch/_dynamo/convert_frame.py:1125]                   ^^^^^^^^^^^^^^^^^^^^^^^^^^^
W0314 20:25:43.488000 2974103 site-packages/torch/_dynamo/convert_frame.py:1125]   File "/home/drozdovdan/miniconda3/lib/python3.12/site-packages/torch/_dynamo/output_graph.py", line 1416, in call_user_compiler
W0314 20:25:43.488000 2974103 site-packages/torch/_dynamo/convert_frame.py:1125]     return self._call_user_compiler(gm)
W0314 20:25:43.488000 2974103 site-packages/torch/_dynamo/convert_frame.py:1125]            ^^^^^^^^^^^^^^^^^^^^^^^^^^^^
W0314 20:25:43.488000 2974103 site-packages/torch/_dynamo/convert_frame.py:1125]   File "/home/drozdovdan/miniconda3/lib/python3.12/site-packages/torch/_dynamo/output_graph.py", line 1465, in _call_user_compiler
W0314 20:25:43.488000 2974103 site-packages/torch/_dynamo/convert_frame.py:1125]     raise BackendCompilerFailed(self.compiler_fn, e) from e
W0314 20:25:43.488000 2974103 site-packages/torch/_dynamo/convert_frame.py:1125] torch._dynamo.exc.BackendCompilerFailed: backend='inductor' raised:
W0314 20:25:43.488000 2974103 site-packages/torch/_dynamo/convert_frame.py:1125] AttributeError: 'float' object has no attribute 'meta'
W0314 20:25:43.488000 2974103 site-packages/torch/_dynamo/convert_frame.py:1125]
W0314 20:25:43.488000 2974103 site-packages/torch/_dynamo/convert_frame.py:1125] Set TORCH_LOGS="+dynamo" and TORCHDYNAMO_VERBOSE=1 for more information
W0314 20:25:43.488000 2974103 site-packages/torch/_dynamo/convert_frame.py:1125]
W0314 20:25:43.821000 2974103 site-packages/torch/_dynamo/convert_frame.py:1125] WON'T CONVERT forward /home/drozdovdan/Hebb_Adaptation/nanoGPT/model.py line 935
W0314 20:25:43.821000 2974103 site-packages/torch/_dynamo/convert_frame.py:1125] due to:
W0314 20:25:43.821000 2974103 site-packages/torch/_dynamo/convert_frame.py:1125] Traceback (most recent call last):
W0314 20:25:43.821000 2974103 site-packages/torch/_dynamo/convert_frame.py:1125]   File "/home/drozdovdan/miniconda3/lib/python3.12/site-packages/torch/_dynamo/output_graph.py", line 1446, in _call_user_compiler
W0314 20:25:43.821000 2974103 site-packages/torch/_dynamo/convert_frame.py:1125]     compiled_fn = compiler_fn(gm, self.example_inputs())
W0314 20:25:43.821000 2974103 site-packages/torch/_dynamo/convert_frame.py:1125]                   ^^^^^^^^^^^^^^^^^^^^^^^^^^^^^^^^^^^^^^
W0314 20:25:43.821000 2974103 site-packages/torch/_dynamo/convert_frame.py:1125]   File "/home/drozdovdan/miniconda3/lib/python3.12/site-packages/torch/_dynamo/repro/after_dynamo.py", line 129, in __call__
W0314 20:25:43.821000 2974103 site-packages/torch/_dynamo/convert_frame.py:1125]     compiled_gm = compiler_fn(gm, example_inputs)
W0314 20:25:43.821000 2974103 site-packages/torch/_dynamo/convert_frame.py:1125]                   ^^^^^^^^^^^^^^^^^^^^^^^^^^^^^^^
W0314 20:25:43.821000 2974103 site-packages/torch/_dynamo/convert_frame.py:1125]   File "/home/drozdovdan/miniconda3/lib/python3.12/site-packages/torch/__init__.py", line 2234, in __call__
W0314 20:25:43.821000 2974103 site-packages/torch/_dynamo/convert_frame.py:1125]     return compile_fx(model_, inputs_, config_patches=self.config)
W0314 20:25:43.821000 2974103 site-packages/torch/_dynamo/convert_frame.py:1125]            ^^^^^^^^^^^^^^^^^^^^^^^^^^^^^^^^^^^^^^^^^^^^^^^^^^^^^^^
W0314 20:25:43.821000 2974103 site-packages/torch/_dynamo/convert_frame.py:1125]   File "/home/drozdovdan/miniconda3/lib/python3.12/site-packages/torch/_inductor/compile_fx.py", line 1521, in compile_fx
W0314 20:25:43.821000 2974103 site-packages/torch/_dynamo/convert_frame.py:1125]     return aot_autograd(
W0314 20:25:43.821000 2974103 site-packages/torch/_dynamo/convert_frame.py:1125]            ^^^^^^^^^^^^^
W0314 20:25:43.821000 2974103 site-packages/torch/_dynamo/convert_frame.py:1125]   File "/home/drozdovdan/miniconda3/lib/python3.12/site-packages/torch/_dynamo/backends/common.py", line 72, in __call__
W0314 20:25:43.821000 2974103 site-packages/torch/_dynamo/convert_frame.py:1125]     cg = aot_module_simplified(gm, example_inputs, **self.kwargs)
W0314 20:25:43.821000 2974103 site-packages/torch/_dynamo/convert_frame.py:1125]          ^^^^^^^^^^^^^^^^^^^^^^^^^^^^^^^^^^^^^^^^^^^^^^^^^^^^^^^^
W0314 20:25:43.821000 2974103 site-packages/torch/_dynamo/convert_frame.py:1125]   File "/home/drozdovdan/miniconda3/lib/python3.12/site-packages/torch/_functorch/aot_autograd.py", line 1071, in aot_module_simplified
W0314 20:25:43.821000 2974103 site-packages/torch/_dynamo/convert_frame.py:1125]     compiled_fn = dispatch_and_compile()
W0314 20:25:43.821000 2974103 site-packages/torch/_dynamo/convert_frame.py:1125]                   ^^^^^^^^^^^^^^^^^^^^^^
W0314 20:25:43.821000 2974103 site-packages/torch/_dynamo/convert_frame.py:1125]   File "/home/drozdovdan/miniconda3/lib/python3.12/site-packages/torch/_functorch/aot_autograd.py", line 1056, in dispatch_and_compile
W0314 20:25:43.821000 2974103 site-packages/torch/_dynamo/convert_frame.py:1125]     compiled_fn, _ = create_aot_dispatcher_function(
W0314 20:25:43.821000 2974103 site-packages/torch/_dynamo/convert_frame.py:1125]                      ^^^^^^^^^^^^^^^^^^^^^^^^^^^^^^^
W0314 20:25:43.821000 2974103 site-packages/torch/_dynamo/convert_frame.py:1125]   File "/home/drozdovdan/miniconda3/lib/python3.12/site-packages/torch/_functorch/aot_autograd.py", line 522, in create_aot_dispatcher_function
W0314 20:25:43.821000 2974103 site-packages/torch/_dynamo/convert_frame.py:1125]     return _create_aot_dispatcher_function(
W0314 20:25:43.821000 2974103 site-packages/torch/_dynamo/convert_frame.py:1125]            ^^^^^^^^^^^^^^^^^^^^^^^^^^^^^^^^
W0314 20:25:43.821000 2974103 site-packages/torch/_dynamo/convert_frame.py:1125]   File "/home/drozdovdan/miniconda3/lib/python3.12/site-packages/torch/_functorch/aot_autograd.py", line 759, in _create_aot_dispatcher_function
W0314 20:25:43.821000 2974103 site-packages/torch/_dynamo/convert_frame.py:1125]     compiled_fn, fw_metadata = compiler_fn(
W0314 20:25:43.821000 2974103 site-packages/torch/_dynamo/convert_frame.py:1125]                                ^^^^^^^^^^^^
W0314 20:25:43.821000 2974103 site-packages/torch/_dynamo/convert_frame.py:1125]   File "/home/drozdovdan/miniconda3/lib/python3.12/site-packages/torch/_functorch/_aot_autograd/jit_compile_runtime_wrappers.py", line 179, in aot_dispatch_base
W0314 20:25:43.821000 2974103 site-packages/torch/_dynamo/convert_frame.py:1125]     compiled_fw = compiler(fw_module, updated_flat_args)
W0314 20:25:43.821000 2974103 site-packages/torch/_dynamo/convert_frame.py:1125]                   ^^^^^^^^^^^^^^^^^^^^^^^^^^^^^^^^^^^^^^
W0314 20:25:43.821000 2974103 site-packages/torch/_dynamo/convert_frame.py:1125]   File "/home/drozdovdan/miniconda3/lib/python3.12/site-packages/torch/_inductor/compile_fx.py", line 1350, in fw_compiler_base
W0314 20:25:43.821000 2974103 site-packages/torch/_dynamo/convert_frame.py:1125]     return _fw_compiler_base(model, example_inputs, is_inference)
W0314 20:25:43.821000 2974103 site-packages/torch/_dynamo/convert_frame.py:1125]            ^^^^^^^^^^^^^^^^^^^^^^^^^^^^^^^^^^^^^^^^^^^^^^^^^^^^^^
W0314 20:25:43.821000 2974103 site-packages/torch/_dynamo/convert_frame.py:1125]   File "/home/drozdovdan/miniconda3/lib/python3.12/site-packages/torch/_inductor/compile_fx.py", line 1421, in _fw_compiler_base
W0314 20:25:43.821000 2974103 site-packages/torch/_dynamo/convert_frame.py:1125]     return inner_compile(
W0314 20:25:43.821000 2974103 site-packages/torch/_dynamo/convert_frame.py:1125]            ^^^^^^^^^^^^^^
W0314 20:25:43.821000 2974103 site-packages/torch/_dynamo/convert_frame.py:1125]   File "/home/drozdovdan/miniconda3/lib/python3.12/site-packages/torch/_inductor/compile_fx.py", line 475, in compile_fx_inner
W0314 20:25:43.821000 2974103 site-packages/torch/_dynamo/convert_frame.py:1125]     return wrap_compiler_debug(_compile_fx_inner, compiler_name="inductor")(
W0314 20:25:43.821000 2974103 site-packages/torch/_dynamo/convert_frame.py:1125]            ^^^^^^^^^^^^^^^^^^^^^^^^^^^^^^^^^^^^^^^^^^^^^^^^^^^^^^^^^^^^^^^^^
W0314 20:25:43.821000 2974103 site-packages/torch/_dynamo/convert_frame.py:1125]   File "/home/drozdovdan/miniconda3/lib/python3.12/site-packages/torch/_dynamo/repro/after_aot.py", line 85, in debug_wrapper
W0314 20:25:43.821000 2974103 site-packages/torch/_dynamo/convert_frame.py:1125]     inner_compiled_fn = compiler_fn(gm, example_inputs)
W0314 20:25:43.821000 2974103 site-packages/torch/_dynamo/convert_frame.py:1125]                         ^^^^^^^^^^^^^^^^^^^^^^^^^^^^^^^
W0314 20:25:43.821000 2974103 site-packages/torch/_dynamo/convert_frame.py:1125]   File "/home/drozdovdan/miniconda3/lib/python3.12/site-packages/torch/_inductor/compile_fx.py", line 661, in _compile_fx_inner
W0314 20:25:43.821000 2974103 site-packages/torch/_dynamo/convert_frame.py:1125]     compiled_graph = FxGraphCache.load(
W0314 20:25:43.821000 2974103 site-packages/torch/_dynamo/convert_frame.py:1125]                      ^^^^^^^^^^^^^^^^^^
W0314 20:25:43.821000 2974103 site-packages/torch/_dynamo/convert_frame.py:1125]   File "/home/drozdovdan/miniconda3/lib/python3.12/site-packages/torch/_inductor/codecache.py", line 1334, in load
W0314 20:25:43.821000 2974103 site-packages/torch/_dynamo/convert_frame.py:1125]     compiled_graph = compile_fx_fn(
W0314 20:25:43.821000 2974103 site-packages/torch/_dynamo/convert_frame.py:1125]                      ^^^^^^^^^^^^^^
W0314 20:25:43.821000 2974103 site-packages/torch/_dynamo/convert_frame.py:1125]   File "/home/drozdovdan/miniconda3/lib/python3.12/site-packages/torch/_inductor/compile_fx.py", line 570, in codegen_and_compile
W0314 20:25:43.821000 2974103 site-packages/torch/_dynamo/convert_frame.py:1125]     compiled_graph = fx_codegen_and_compile(gm, example_inputs, **fx_kwargs)
W0314 20:25:43.821000 2974103 site-packages/torch/_dynamo/convert_frame.py:1125]                      ^^^^^^^^^^^^^^^^^^^^^^^^^^^^^^^^^^^^^^^^^^^^^^^^^^^^^^^
W0314 20:25:43.821000 2974103 site-packages/torch/_dynamo/convert_frame.py:1125]   File "/home/drozdovdan/miniconda3/lib/python3.12/site-packages/torch/_inductor/compile_fx.py", line 789, in fx_codegen_and_compile
W0314 20:25:43.821000 2974103 site-packages/torch/_dynamo/convert_frame.py:1125]     _recursive_post_grad_passes(gm, is_inference=is_inference)
W0314 20:25:43.821000 2974103 site-packages/torch/_dynamo/convert_frame.py:1125]   File "/home/drozdovdan/miniconda3/lib/python3.12/site-packages/torch/_inductor/compile_fx.py", line 288, in _recursive_post_grad_passes
W0314 20:25:43.821000 2974103 site-packages/torch/_dynamo/convert_frame.py:1125]     post_grad_passes(gm, is_inference)
W0314 20:25:43.821000 2974103 site-packages/torch/_dynamo/convert_frame.py:1125]   File "/home/drozdovdan/miniconda3/lib/python3.12/site-packages/torch/_inductor/fx_passes/post_grad.py", line 100, in post_grad_passes
W0314 20:25:43.821000 2974103 site-packages/torch/_dynamo/convert_frame.py:1125]     patterns.apply(gm.graph)  # type: ignore[arg-type]
W0314 20:25:43.821000 2974103 site-packages/torch/_dynamo/convert_frame.py:1125]     ^^^^^^^^^^^^^^^^^^^^^^^^
W0314 20:25:43.821000 2974103 site-packages/torch/_dynamo/convert_frame.py:1125]   File "/home/drozdovdan/miniconda3/lib/python3.12/site-packages/torch/_inductor/pattern_matcher.py", line 1729, in apply
W0314 20:25:43.821000 2974103 site-packages/torch/_dynamo/convert_frame.py:1125]     if is_match(m) and entry.extra_check(m):
W0314 20:25:43.821000 2974103 site-packages/torch/_dynamo/convert_frame.py:1125]                        ^^^^^^^^^^^^^^^^^^^^
W0314 20:25:43.821000 2974103 site-packages/torch/_dynamo/convert_frame.py:1125]   File "/home/drozdovdan/miniconda3/lib/python3.12/site-packages/torch/_inductor/fx_passes/quantization.py", line 1448, in fn
W0314 20:25:43.821000 2974103 site-packages/torch/_dynamo/convert_frame.py:1125]     scales = match.kwargs["scales"].meta["val"]
W0314 20:25:43.821000 2974103 site-packages/torch/_dynamo/convert_frame.py:1125]              ^^^^^^^^^^^^^^^^^^^^^^^^^^^
W0314 20:25:43.821000 2974103 site-packages/torch/_dynamo/convert_frame.py:1125] AttributeError: 'float' object has no attribute 'meta'
W0314 20:25:43.821000 2974103 site-packages/torch/_dynamo/convert_frame.py:1125]
W0314 20:25:43.821000 2974103 site-packages/torch/_dynamo/convert_frame.py:1125] The above exception was the direct cause of the following exception:
W0314 20:25:43.821000 2974103 site-packages/torch/_dynamo/convert_frame.py:1125]
W0314 20:25:43.821000 2974103 site-packages/torch/_dynamo/convert_frame.py:1125] Traceback (most recent call last):
W0314 20:25:43.821000 2974103 site-packages/torch/_dynamo/convert_frame.py:1125]   File "/home/drozdovdan/miniconda3/lib/python3.12/site-packages/torch/_dynamo/convert_frame.py", line 1064, in __call__
W0314 20:25:43.821000 2974103 site-packages/torch/_dynamo/convert_frame.py:1125]     result = self._inner_convert(
W0314 20:25:43.821000 2974103 site-packages/torch/_dynamo/convert_frame.py:1125]              ^^^^^^^^^^^^^^^^^^^^
W0314 20:25:43.821000 2974103 site-packages/torch/_dynamo/convert_frame.py:1125]   File "/home/drozdovdan/miniconda3/lib/python3.12/site-packages/torch/_dynamo/convert_frame.py", line 526, in __call__
W0314 20:25:43.821000 2974103 site-packages/torch/_dynamo/convert_frame.py:1125]     return _compile(
W0314 20:25:43.821000 2974103 site-packages/torch/_dynamo/convert_frame.py:1125]            ^^^^^^^^^
W0314 20:25:43.821000 2974103 site-packages/torch/_dynamo/convert_frame.py:1125]   File "/home/drozdovdan/miniconda3/lib/python3.12/site-packages/torch/_dynamo/convert_frame.py", line 924, in _compile
W0314 20:25:43.821000 2974103 site-packages/torch/_dynamo/convert_frame.py:1125]     guarded_code = compile_inner(code, one_graph, hooks, transform)
W0314 20:25:43.821000 2974103 site-packages/torch/_dynamo/convert_frame.py:1125]                    ^^^^^^^^^^^^^^^^^^^^^^^^^^^^^^^^^^^^^^^^^^^^^^^^
W0314 20:25:43.821000 2974103 site-packages/torch/_dynamo/convert_frame.py:1125]   File "/home/drozdovdan/miniconda3/lib/python3.12/site-packages/torch/_dynamo/convert_frame.py", line 666, in compile_inner
W0314 20:25:43.821000 2974103 site-packages/torch/_dynamo/convert_frame.py:1125]     return _compile_inner(code, one_graph, hooks, transform)
W0314 20:25:43.821000 2974103 site-packages/torch/_dynamo/convert_frame.py:1125]            ^^^^^^^^^^^^^^^^^^^^^^^^^^^^^^^^^^^^^^^^^^^^^^^^^
W0314 20:25:43.821000 2974103 site-packages/torch/_dynamo/convert_frame.py:1125]   File "/home/drozdovdan/miniconda3/lib/python3.12/site-packages/torch/_utils_internal.py", line 87, in wrapper_function
W0314 20:25:43.821000 2974103 site-packages/torch/_dynamo/convert_frame.py:1125]     return function(*args, **kwargs)
W0314 20:25:43.821000 2974103 site-packages/torch/_dynamo/convert_frame.py:1125]            ^^^^^^^^^^^^^^^^^^^^^^^^^
W0314 20:25:43.821000 2974103 site-packages/torch/_dynamo/convert_frame.py:1125]   File "/home/drozdovdan/miniconda3/lib/python3.12/site-packages/torch/_dynamo/convert_frame.py", line 699, in _compile_inner
W0314 20:25:43.821000 2974103 site-packages/torch/_dynamo/convert_frame.py:1125]     out_code = transform_code_object(code, transform)
W0314 20:25:43.821000 2974103 site-packages/torch/_dynamo/convert_frame.py:1125]                ^^^^^^^^^^^^^^^^^^^^^^^^^^^^^^^^^^^^^^
W0314 20:25:43.821000 2974103 site-packages/torch/_dynamo/convert_frame.py:1125]   File "/home/drozdovdan/miniconda3/lib/python3.12/site-packages/torch/_dynamo/bytecode_transformation.py", line 1322, in transform_code_object
W0314 20:25:43.821000 2974103 site-packages/torch/_dynamo/convert_frame.py:1125]     transformations(instructions, code_options)
W0314 20:25:43.821000 2974103 site-packages/torch/_dynamo/convert_frame.py:1125]   File "/home/drozdovdan/miniconda3/lib/python3.12/site-packages/torch/_dynamo/convert_frame.py", line 219, in _fn
W0314 20:25:43.821000 2974103 site-packages/torch/_dynamo/convert_frame.py:1125]     return fn(*args, **kwargs)
W0314 20:25:43.821000 2974103 site-packages/torch/_dynamo/convert_frame.py:1125]            ^^^^^^^^^^^^^^^^^^^
W0314 20:25:43.821000 2974103 site-packages/torch/_dynamo/convert_frame.py:1125]   File "/home/drozdovdan/miniconda3/lib/python3.12/site-packages/torch/_dynamo/convert_frame.py", line 634, in transform
W0314 20:25:43.821000 2974103 site-packages/torch/_dynamo/convert_frame.py:1125]     tracer.run()
W0314 20:25:43.821000 2974103 site-packages/torch/_dynamo/convert_frame.py:1125]   File "/home/drozdovdan/miniconda3/lib/python3.12/site-packages/torch/_dynamo/symbolic_convert.py", line 2796, in run
W0314 20:25:43.821000 2974103 site-packages/torch/_dynamo/convert_frame.py:1125]     super().run()
W0314 20:25:43.821000 2974103 site-packages/torch/_dynamo/convert_frame.py:1125]   File "/home/drozdovdan/miniconda3/lib/python3.12/site-packages/torch/_dynamo/symbolic_convert.py", line 983, in run
W0314 20:25:43.821000 2974103 site-packages/torch/_dynamo/convert_frame.py:1125]     while self.step():
W0314 20:25:43.821000 2974103 site-packages/torch/_dynamo/convert_frame.py:1125]           ^^^^^^^^^^^
W0314 20:25:43.821000 2974103 site-packages/torch/_dynamo/convert_frame.py:1125]   File "/home/drozdovdan/miniconda3/lib/python3.12/site-packages/torch/_dynamo/symbolic_convert.py", line 895, in step
W0314 20:25:43.821000 2974103 site-packages/torch/_dynamo/convert_frame.py:1125]     self.dispatch_table[inst.opcode](self, inst)
W0314 20:25:43.821000 2974103 site-packages/torch/_dynamo/convert_frame.py:1125]   File "/home/drozdovdan/miniconda3/lib/python3.12/site-packages/torch/_dynamo/symbolic_convert.py", line 2987, in RETURN_VALUE
W0314 20:25:43.821000 2974103 site-packages/torch/_dynamo/convert_frame.py:1125]     self._return(inst)
W0314 20:25:43.821000 2974103 site-packages/torch/_dynamo/convert_frame.py:1125]   File "/home/drozdovdan/miniconda3/lib/python3.12/site-packages/torch/_dynamo/symbolic_convert.py", line 2972, in _return
W0314 20:25:43.821000 2974103 site-packages/torch/_dynamo/convert_frame.py:1125]     self.output.compile_subgraph(
W0314 20:25:43.821000 2974103 site-packages/torch/_dynamo/convert_frame.py:1125]   File "/home/drozdovdan/miniconda3/lib/python3.12/site-packages/torch/_dynamo/output_graph.py", line 1142, in compile_subgraph
W0314 20:25:43.821000 2974103 site-packages/torch/_dynamo/convert_frame.py:1125]     self.compile_and_call_fx_graph(tx, pass2.graph_output_vars(), root)
W0314 20:25:43.821000 2974103 site-packages/torch/_dynamo/convert_frame.py:1125]   File "/home/drozdovdan/miniconda3/lib/python3.12/site-packages/torch/_dynamo/output_graph.py", line 1369, in compile_and_call_fx_graph
W0314 20:25:43.821000 2974103 site-packages/torch/_dynamo/convert_frame.py:1125]     compiled_fn = self.call_user_compiler(gm)
W0314 20:25:43.821000 2974103 site-packages/torch/_dynamo/convert_frame.py:1125]                   ^^^^^^^^^^^^^^^^^^^^^^^^^^^
W0314 20:25:43.821000 2974103 site-packages/torch/_dynamo/convert_frame.py:1125]   File "/home/drozdovdan/miniconda3/lib/python3.12/site-packages/torch/_dynamo/output_graph.py", line 1416, in call_user_compiler
W0314 20:25:43.821000 2974103 site-packages/torch/_dynamo/convert_frame.py:1125]     return self._call_user_compiler(gm)
W0314 20:25:43.821000 2974103 site-packages/torch/_dynamo/convert_frame.py:1125]            ^^^^^^^^^^^^^^^^^^^^^^^^^^^^
W0314 20:25:43.821000 2974103 site-packages/torch/_dynamo/convert_frame.py:1125]   File "/home/drozdovdan/miniconda3/lib/python3.12/site-packages/torch/_dynamo/output_graph.py", line 1465, in _call_user_compiler
W0314 20:25:43.821000 2974103 site-packages/torch/_dynamo/convert_frame.py:1125]     raise BackendCompilerFailed(self.compiler_fn, e) from e
W0314 20:25:43.821000 2974103 site-packages/torch/_dynamo/convert_frame.py:1125] torch._dynamo.exc.BackendCompilerFailed: backend='inductor' raised:
W0314 20:25:43.821000 2974103 site-packages/torch/_dynamo/convert_frame.py:1125] AttributeError: 'float' object has no attribute 'meta'
W0314 20:25:43.821000 2974103 site-packages/torch/_dynamo/convert_frame.py:1125]
W0314 20:25:43.821000 2974103 site-packages/torch/_dynamo/convert_frame.py:1125] Set TORCH_LOGS="+dynamo" and TORCHDYNAMO_VERBOSE=1 for more information
W0314 20:25:43.821000 2974103 site-packages/torch/_dynamo/convert_frame.py:1125]
W0314 20:25:43.821000 2974103 site-packages/torch/_dynamo/convert_frame.py:1125] Traceback (most recent call last):
W0314 20:25:43.821000 2974103 site-packages/torch/_dynamo/convert_frame.py:1125]   File "/home/drozdovdan/miniconda3/lib/python3.12/site-packages/torch/_dynamo/output_graph.py", line 1446, in _call_user_compiler
W0314 20:25:43.821000 2974103 site-packages/torch/_dynamo/convert_frame.py:1125]     compiled_fn = compiler_fn(gm, self.example_inputs())
W0314 20:25:43.821000 2974103 site-packages/torch/_dynamo/convert_frame.py:1125]                   ^^^^^^^^^^^^^^^^^^^^^^^^^^^^^^^^^^^^^^
W0314 20:25:43.821000 2974103 site-packages/torch/_dynamo/convert_frame.py:1125]   File "/home/drozdovdan/miniconda3/lib/python3.12/site-packages/torch/_dynamo/repro/after_dynamo.py", line 129, in __call__
W0314 20:25:43.821000 2974103 site-packages/torch/_dynamo/convert_frame.py:1125]     compiled_gm = compiler_fn(gm, example_inputs)
W0314 20:25:43.821000 2974103 site-packages/torch/_dynamo/convert_frame.py:1125]                   ^^^^^^^^^^^^^^^^^^^^^^^^^^^^^^^
W0314 20:25:43.821000 2974103 site-packages/torch/_dynamo/convert_frame.py:1125]   File "/home/drozdovdan/miniconda3/lib/python3.12/site-packages/torch/__init__.py", line 2234, in __call__
W0314 20:25:43.821000 2974103 site-packages/torch/_dynamo/convert_frame.py:1125]     return compile_fx(model_, inputs_, config_patches=self.config)
W0314 20:25:43.821000 2974103 site-packages/torch/_dynamo/convert_frame.py:1125]            ^^^^^^^^^^^^^^^^^^^^^^^^^^^^^^^^^^^^^^^^^^^^^^^^^^^^^^^
W0314 20:25:43.821000 2974103 site-packages/torch/_dynamo/convert_frame.py:1125]   File "/home/drozdovdan/miniconda3/lib/python3.12/site-packages/torch/_inductor/compile_fx.py", line 1521, in compile_fx
W0314 20:25:43.821000 2974103 site-packages/torch/_dynamo/convert_frame.py:1125]     return aot_autograd(
W0314 20:25:43.821000 2974103 site-packages/torch/_dynamo/convert_frame.py:1125]            ^^^^^^^^^^^^^
W0314 20:25:43.821000 2974103 site-packages/torch/_dynamo/convert_frame.py:1125]   File "/home/drozdovdan/miniconda3/lib/python3.12/site-packages/torch/_dynamo/backends/common.py", line 72, in __call__
W0314 20:25:43.821000 2974103 site-packages/torch/_dynamo/convert_frame.py:1125]     cg = aot_module_simplified(gm, example_inputs, **self.kwargs)
W0314 20:25:43.821000 2974103 site-packages/torch/_dynamo/convert_frame.py:1125]          ^^^^^^^^^^^^^^^^^^^^^^^^^^^^^^^^^^^^^^^^^^^^^^^^^^^^^^^^
W0314 20:25:43.821000 2974103 site-packages/torch/_dynamo/convert_frame.py:1125]   File "/home/drozdovdan/miniconda3/lib/python3.12/site-packages/torch/_functorch/aot_autograd.py", line 1071, in aot_module_simplified
W0314 20:25:43.821000 2974103 site-packages/torch/_dynamo/convert_frame.py:1125]     compiled_fn = dispatch_and_compile()
W0314 20:25:43.821000 2974103 site-packages/torch/_dynamo/convert_frame.py:1125]                   ^^^^^^^^^^^^^^^^^^^^^^
W0314 20:25:43.821000 2974103 site-packages/torch/_dynamo/convert_frame.py:1125]   File "/home/drozdovdan/miniconda3/lib/python3.12/site-packages/torch/_functorch/aot_autograd.py", line 1056, in dispatch_and_compile
W0314 20:25:43.821000 2974103 site-packages/torch/_dynamo/convert_frame.py:1125]     compiled_fn, _ = create_aot_dispatcher_function(
W0314 20:25:43.821000 2974103 site-packages/torch/_dynamo/convert_frame.py:1125]                      ^^^^^^^^^^^^^^^^^^^^^^^^^^^^^^^
W0314 20:25:43.821000 2974103 site-packages/torch/_dynamo/convert_frame.py:1125]   File "/home/drozdovdan/miniconda3/lib/python3.12/site-packages/torch/_functorch/aot_autograd.py", line 522, in create_aot_dispatcher_function
W0314 20:25:43.821000 2974103 site-packages/torch/_dynamo/convert_frame.py:1125]     return _create_aot_dispatcher_function(
W0314 20:25:43.821000 2974103 site-packages/torch/_dynamo/convert_frame.py:1125]            ^^^^^^^^^^^^^^^^^^^^^^^^^^^^^^^^
W0314 20:25:43.821000 2974103 site-packages/torch/_dynamo/convert_frame.py:1125]   File "/home/drozdovdan/miniconda3/lib/python3.12/site-packages/torch/_functorch/aot_autograd.py", line 759, in _create_aot_dispatcher_function
W0314 20:25:43.821000 2974103 site-packages/torch/_dynamo/convert_frame.py:1125]     compiled_fn, fw_metadata = compiler_fn(
W0314 20:25:43.821000 2974103 site-packages/torch/_dynamo/convert_frame.py:1125]                                ^^^^^^^^^^^^
W0314 20:25:43.821000 2974103 site-packages/torch/_dynamo/convert_frame.py:1125]   File "/home/drozdovdan/miniconda3/lib/python3.12/site-packages/torch/_functorch/_aot_autograd/jit_compile_runtime_wrappers.py", line 179, in aot_dispatch_base
W0314 20:25:43.821000 2974103 site-packages/torch/_dynamo/convert_frame.py:1125]     compiled_fw = compiler(fw_module, updated_flat_args)
W0314 20:25:43.821000 2974103 site-packages/torch/_dynamo/convert_frame.py:1125]                   ^^^^^^^^^^^^^^^^^^^^^^^^^^^^^^^^^^^^^^
W0314 20:25:43.821000 2974103 site-packages/torch/_dynamo/convert_frame.py:1125]   File "/home/drozdovdan/miniconda3/lib/python3.12/site-packages/torch/_inductor/compile_fx.py", line 1350, in fw_compiler_base
W0314 20:25:43.821000 2974103 site-packages/torch/_dynamo/convert_frame.py:1125]     return _fw_compiler_base(model, example_inputs, is_inference)
W0314 20:25:43.821000 2974103 site-packages/torch/_dynamo/convert_frame.py:1125]            ^^^^^^^^^^^^^^^^^^^^^^^^^^^^^^^^^^^^^^^^^^^^^^^^^^^^^^
W0314 20:25:43.821000 2974103 site-packages/torch/_dynamo/convert_frame.py:1125]   File "/home/drozdovdan/miniconda3/lib/python3.12/site-packages/torch/_inductor/compile_fx.py", line 1421, in _fw_compiler_base
W0314 20:25:43.821000 2974103 site-packages/torch/_dynamo/convert_frame.py:1125]     return inner_compile(
W0314 20:25:43.821000 2974103 site-packages/torch/_dynamo/convert_frame.py:1125]            ^^^^^^^^^^^^^^
W0314 20:25:43.821000 2974103 site-packages/torch/_dynamo/convert_frame.py:1125]   File "/home/drozdovdan/miniconda3/lib/python3.12/site-packages/torch/_inductor/compile_fx.py", line 475, in compile_fx_inner
W0314 20:25:43.821000 2974103 site-packages/torch/_dynamo/convert_frame.py:1125]     return wrap_compiler_debug(_compile_fx_inner, compiler_name="inductor")(
W0314 20:25:43.821000 2974103 site-packages/torch/_dynamo/convert_frame.py:1125]            ^^^^^^^^^^^^^^^^^^^^^^^^^^^^^^^^^^^^^^^^^^^^^^^^^^^^^^^^^^^^^^^^^
W0314 20:25:43.821000 2974103 site-packages/torch/_dynamo/convert_frame.py:1125]   File "/home/drozdovdan/miniconda3/lib/python3.12/site-packages/torch/_dynamo/repro/after_aot.py", line 85, in debug_wrapper
W0314 20:25:43.821000 2974103 site-packages/torch/_dynamo/convert_frame.py:1125]     inner_compiled_fn = compiler_fn(gm, example_inputs)
W0314 20:25:43.821000 2974103 site-packages/torch/_dynamo/convert_frame.py:1125]                         ^^^^^^^^^^^^^^^^^^^^^^^^^^^^^^^
W0314 20:25:43.821000 2974103 site-packages/torch/_dynamo/convert_frame.py:1125]   File "/home/drozdovdan/miniconda3/lib/python3.12/site-packages/torch/_inductor/compile_fx.py", line 661, in _compile_fx_inner
W0314 20:25:43.821000 2974103 site-packages/torch/_dynamo/convert_frame.py:1125]     compiled_graph = FxGraphCache.load(
W0314 20:25:43.821000 2974103 site-packages/torch/_dynamo/convert_frame.py:1125]                      ^^^^^^^^^^^^^^^^^^
W0314 20:25:43.821000 2974103 site-packages/torch/_dynamo/convert_frame.py:1125]   File "/home/drozdovdan/miniconda3/lib/python3.12/site-packages/torch/_inductor/codecache.py", line 1334, in load
W0314 20:25:43.821000 2974103 site-packages/torch/_dynamo/convert_frame.py:1125]     compiled_graph = compile_fx_fn(
W0314 20:25:43.821000 2974103 site-packages/torch/_dynamo/convert_frame.py:1125]                      ^^^^^^^^^^^^^^
W0314 20:25:43.821000 2974103 site-packages/torch/_dynamo/convert_frame.py:1125]   File "/home/drozdovdan/miniconda3/lib/python3.12/site-packages/torch/_inductor/compile_fx.py", line 570, in codegen_and_compile
W0314 20:25:43.821000 2974103 site-packages/torch/_dynamo/convert_frame.py:1125]     compiled_graph = fx_codegen_and_compile(gm, example_inputs, **fx_kwargs)
W0314 20:25:43.821000 2974103 site-packages/torch/_dynamo/convert_frame.py:1125]                      ^^^^^^^^^^^^^^^^^^^^^^^^^^^^^^^^^^^^^^^^^^^^^^^^^^^^^^^
W0314 20:25:43.821000 2974103 site-packages/torch/_dynamo/convert_frame.py:1125]   File "/home/drozdovdan/miniconda3/lib/python3.12/site-packages/torch/_inductor/compile_fx.py", line 789, in fx_codegen_and_compile
W0314 20:25:43.821000 2974103 site-packages/torch/_dynamo/convert_frame.py:1125]     _recursive_post_grad_passes(gm, is_inference=is_inference)
W0314 20:25:43.821000 2974103 site-packages/torch/_dynamo/convert_frame.py:1125]   File "/home/drozdovdan/miniconda3/lib/python3.12/site-packages/torch/_inductor/compile_fx.py", line 288, in _recursive_post_grad_passes
W0314 20:25:43.821000 2974103 site-packages/torch/_dynamo/convert_frame.py:1125]     post_grad_passes(gm, is_inference)
W0314 20:25:43.821000 2974103 site-packages/torch/_dynamo/convert_frame.py:1125]   File "/home/drozdovdan/miniconda3/lib/python3.12/site-packages/torch/_inductor/fx_passes/post_grad.py", line 100, in post_grad_passes
W0314 20:25:43.821000 2974103 site-packages/torch/_dynamo/convert_frame.py:1125]     patterns.apply(gm.graph)  # type: ignore[arg-type]
W0314 20:25:43.821000 2974103 site-packages/torch/_dynamo/convert_frame.py:1125]     ^^^^^^^^^^^^^^^^^^^^^^^^
W0314 20:25:43.821000 2974103 site-packages/torch/_dynamo/convert_frame.py:1125]   File "/home/drozdovdan/miniconda3/lib/python3.12/site-packages/torch/_inductor/pattern_matcher.py", line 1729, in apply
W0314 20:25:43.821000 2974103 site-packages/torch/_dynamo/convert_frame.py:1125]     if is_match(m) and entry.extra_check(m):
W0314 20:25:43.821000 2974103 site-packages/torch/_dynamo/convert_frame.py:1125]                        ^^^^^^^^^^^^^^^^^^^^
W0314 20:25:43.821000 2974103 site-packages/torch/_dynamo/convert_frame.py:1125]   File "/home/drozdovdan/miniconda3/lib/python3.12/site-packages/torch/_inductor/fx_passes/quantization.py", line 1448, in fn
W0314 20:25:43.821000 2974103 site-packages/torch/_dynamo/convert_frame.py:1125]     scales = match.kwargs["scales"].meta["val"]
W0314 20:25:43.821000 2974103 site-packages/torch/_dynamo/convert_frame.py:1125]              ^^^^^^^^^^^^^^^^^^^^^^^^^^^
W0314 20:25:43.821000 2974103 site-packages/torch/_dynamo/convert_frame.py:1125] AttributeError: 'float' object has no attribute 'meta'
W0314 20:25:43.821000 2974103 site-packages/torch/_dynamo/convert_frame.py:1125]
W0314 20:25:43.821000 2974103 site-packages/torch/_dynamo/convert_frame.py:1125] The above exception was the direct cause of the following exception:
W0314 20:25:43.821000 2974103 site-packages/torch/_dynamo/convert_frame.py:1125]
W0314 20:25:43.821000 2974103 site-packages/torch/_dynamo/convert_frame.py:1125] Traceback (most recent call last):
W0314 20:25:43.821000 2974103 site-packages/torch/_dynamo/convert_frame.py:1125]   File "/home/drozdovdan/miniconda3/lib/python3.12/site-packages/torch/_dynamo/convert_frame.py", line 1064, in __call__
W0314 20:25:43.821000 2974103 site-packages/torch/_dynamo/convert_frame.py:1125]     result = self._inner_convert(
W0314 20:25:43.821000 2974103 site-packages/torch/_dynamo/convert_frame.py:1125]              ^^^^^^^^^^^^^^^^^^^^
W0314 20:25:43.821000 2974103 site-packages/torch/_dynamo/convert_frame.py:1125]   File "/home/drozdovdan/miniconda3/lib/python3.12/site-packages/torch/_dynamo/convert_frame.py", line 526, in __call__
W0314 20:25:43.821000 2974103 site-packages/torch/_dynamo/convert_frame.py:1125]     return _compile(
W0314 20:25:43.821000 2974103 site-packages/torch/_dynamo/convert_frame.py:1125]            ^^^^^^^^^
W0314 20:25:43.821000 2974103 site-packages/torch/_dynamo/convert_frame.py:1125]   File "/home/drozdovdan/miniconda3/lib/python3.12/site-packages/torch/_dynamo/convert_frame.py", line 924, in _compile
W0314 20:25:43.821000 2974103 site-packages/torch/_dynamo/convert_frame.py:1125]     guarded_code = compile_inner(code, one_graph, hooks, transform)
W0314 20:25:43.821000 2974103 site-packages/torch/_dynamo/convert_frame.py:1125]                    ^^^^^^^^^^^^^^^^^^^^^^^^^^^^^^^^^^^^^^^^^^^^^^^^
W0314 20:25:43.821000 2974103 site-packages/torch/_dynamo/convert_frame.py:1125]   File "/home/drozdovdan/miniconda3/lib/python3.12/site-packages/torch/_dynamo/convert_frame.py", line 666, in compile_inner
W0314 20:25:43.821000 2974103 site-packages/torch/_dynamo/convert_frame.py:1125]     return _compile_inner(code, one_graph, hooks, transform)
W0314 20:25:43.821000 2974103 site-packages/torch/_dynamo/convert_frame.py:1125]            ^^^^^^^^^^^^^^^^^^^^^^^^^^^^^^^^^^^^^^^^^^^^^^^^^
W0314 20:25:43.821000 2974103 site-packages/torch/_dynamo/convert_frame.py:1125]   File "/home/drozdovdan/miniconda3/lib/python3.12/site-packages/torch/_utils_internal.py", line 87, in wrapper_function
W0314 20:25:43.821000 2974103 site-packages/torch/_dynamo/convert_frame.py:1125]     return function(*args, **kwargs)
W0314 20:25:43.821000 2974103 site-packages/torch/_dynamo/convert_frame.py:1125]            ^^^^^^^^^^^^^^^^^^^^^^^^^
W0314 20:25:43.821000 2974103 site-packages/torch/_dynamo/convert_frame.py:1125]   File "/home/drozdovdan/miniconda3/lib/python3.12/site-packages/torch/_dynamo/convert_frame.py", line 699, in _compile_inner
W0314 20:25:43.821000 2974103 site-packages/torch/_dynamo/convert_frame.py:1125]     out_code = transform_code_object(code, transform)
W0314 20:25:43.821000 2974103 site-packages/torch/_dynamo/convert_frame.py:1125]                ^^^^^^^^^^^^^^^^^^^^^^^^^^^^^^^^^^^^^^
W0314 20:25:43.821000 2974103 site-packages/torch/_dynamo/convert_frame.py:1125]   File "/home/drozdovdan/miniconda3/lib/python3.12/site-packages/torch/_dynamo/bytecode_transformation.py", line 1322, in transform_code_object
W0314 20:25:43.821000 2974103 site-packages/torch/_dynamo/convert_frame.py:1125]     transformations(instructions, code_options)
W0314 20:25:43.821000 2974103 site-packages/torch/_dynamo/convert_frame.py:1125]   File "/home/drozdovdan/miniconda3/lib/python3.12/site-packages/torch/_dynamo/convert_frame.py", line 219, in _fn
W0314 20:25:43.821000 2974103 site-packages/torch/_dynamo/convert_frame.py:1125]     return fn(*args, **kwargs)
W0314 20:25:43.821000 2974103 site-packages/torch/_dynamo/convert_frame.py:1125]            ^^^^^^^^^^^^^^^^^^^
W0314 20:25:43.821000 2974103 site-packages/torch/_dynamo/convert_frame.py:1125]   File "/home/drozdovdan/miniconda3/lib/python3.12/site-packages/torch/_dynamo/convert_frame.py", line 634, in transform
W0314 20:25:43.821000 2974103 site-packages/torch/_dynamo/convert_frame.py:1125]     tracer.run()
W0314 20:25:43.821000 2974103 site-packages/torch/_dynamo/convert_frame.py:1125]   File "/home/drozdovdan/miniconda3/lib/python3.12/site-packages/torch/_dynamo/symbolic_convert.py", line 2796, in run
W0314 20:25:43.821000 2974103 site-packages/torch/_dynamo/convert_frame.py:1125]     super().run()
W0314 20:25:43.821000 2974103 site-packages/torch/_dynamo/convert_frame.py:1125]   File "/home/drozdovdan/miniconda3/lib/python3.12/site-packages/torch/_dynamo/symbolic_convert.py", line 983, in run
W0314 20:25:43.821000 2974103 site-packages/torch/_dynamo/convert_frame.py:1125]     while self.step():
W0314 20:25:43.821000 2974103 site-packages/torch/_dynamo/convert_frame.py:1125]           ^^^^^^^^^^^
W0314 20:25:43.821000 2974103 site-packages/torch/_dynamo/convert_frame.py:1125]   File "/home/drozdovdan/miniconda3/lib/python3.12/site-packages/torch/_dynamo/symbolic_convert.py", line 895, in step
W0314 20:25:43.821000 2974103 site-packages/torch/_dynamo/convert_frame.py:1125]     self.dispatch_table[inst.opcode](self, inst)
W0314 20:25:43.821000 2974103 site-packages/torch/_dynamo/convert_frame.py:1125]   File "/home/drozdovdan/miniconda3/lib/python3.12/site-packages/torch/_dynamo/symbolic_convert.py", line 2987, in RETURN_VALUE
W0314 20:25:43.821000 2974103 site-packages/torch/_dynamo/convert_frame.py:1125]     self._return(inst)
W0314 20:25:43.821000 2974103 site-packages/torch/_dynamo/convert_frame.py:1125]   File "/home/drozdovdan/miniconda3/lib/python3.12/site-packages/torch/_dynamo/symbolic_convert.py", line 2972, in _return
W0314 20:25:43.821000 2974103 site-packages/torch/_dynamo/convert_frame.py:1125]     self.output.compile_subgraph(
W0314 20:25:43.821000 2974103 site-packages/torch/_dynamo/convert_frame.py:1125]   File "/home/drozdovdan/miniconda3/lib/python3.12/site-packages/torch/_dynamo/output_graph.py", line 1142, in compile_subgraph
W0314 20:25:43.821000 2974103 site-packages/torch/_dynamo/convert_frame.py:1125]     self.compile_and_call_fx_graph(tx, pass2.graph_output_vars(), root)
W0314 20:25:43.821000 2974103 site-packages/torch/_dynamo/convert_frame.py:1125]   File "/home/drozdovdan/miniconda3/lib/python3.12/site-packages/torch/_dynamo/output_graph.py", line 1369, in compile_and_call_fx_graph
W0314 20:25:43.821000 2974103 site-packages/torch/_dynamo/convert_frame.py:1125]     compiled_fn = self.call_user_compiler(gm)
W0314 20:25:43.821000 2974103 site-packages/torch/_dynamo/convert_frame.py:1125]                   ^^^^^^^^^^^^^^^^^^^^^^^^^^^
W0314 20:25:43.821000 2974103 site-packages/torch/_dynamo/convert_frame.py:1125]   File "/home/drozdovdan/miniconda3/lib/python3.12/site-packages/torch/_dynamo/output_graph.py", line 1416, in call_user_compiler
W0314 20:25:43.821000 2974103 site-packages/torch/_dynamo/convert_frame.py:1125]     return self._call_user_compiler(gm)
W0314 20:25:43.821000 2974103 site-packages/torch/_dynamo/convert_frame.py:1125]            ^^^^^^^^^^^^^^^^^^^^^^^^^^^^
W0314 20:25:43.821000 2974103 site-packages/torch/_dynamo/convert_frame.py:1125]   File "/home/drozdovdan/miniconda3/lib/python3.12/site-packages/torch/_dynamo/output_graph.py", line 1465, in _call_user_compiler
W0314 20:25:43.821000 2974103 site-packages/torch/_dynamo/convert_frame.py:1125]     raise BackendCompilerFailed(self.compiler_fn, e) from e
W0314 20:25:43.821000 2974103 site-packages/torch/_dynamo/convert_frame.py:1125] torch._dynamo.exc.BackendCompilerFailed: backend='inductor' raised:
W0314 20:25:43.821000 2974103 site-packages/torch/_dynamo/convert_frame.py:1125] AttributeError: 'float' object has no attribute 'meta'
W0314 20:25:43.821000 2974103 site-packages/torch/_dynamo/convert_frame.py:1125]
W0314 20:25:43.821000 2974103 site-packages/torch/_dynamo/convert_frame.py:1125] Set TORCH_LOGS="+dynamo" and TORCHDYNAMO_VERBOSE=1 for more information
W0314 20:25:43.821000 2974103 site-packages/torch/_dynamo/convert_frame.py:1125]
W0314 20:25:43.929000 2974103 site-packages/torch/_dynamo/convert_frame.py:1125] WON'T CONVERT forward /home/drozdovdan/Hebb_Adaptation/nanoGPT/model.py line 860
W0314 20:25:43.929000 2974103 site-packages/torch/_dynamo/convert_frame.py:1125] due to:
W0314 20:25:43.929000 2974103 site-packages/torch/_dynamo/convert_frame.py:1125] Traceback (most recent call last):
W0314 20:25:43.929000 2974103 site-packages/torch/_dynamo/convert_frame.py:1125]   File "/home/drozdovdan/miniconda3/lib/python3.12/site-packages/torch/_dynamo/output_graph.py", line 1446, in _call_user_compiler
W0314 20:25:43.929000 2974103 site-packages/torch/_dynamo/convert_frame.py:1125]     compiled_fn = compiler_fn(gm, self.example_inputs())
W0314 20:25:43.929000 2974103 site-packages/torch/_dynamo/convert_frame.py:1125]                   ^^^^^^^^^^^^^^^^^^^^^^^^^^^^^^^^^^^^^^
W0314 20:25:43.929000 2974103 site-packages/torch/_dynamo/convert_frame.py:1125]   File "/home/drozdovdan/miniconda3/lib/python3.12/site-packages/torch/_dynamo/repro/after_dynamo.py", line 129, in __call__
W0314 20:25:43.929000 2974103 site-packages/torch/_dynamo/convert_frame.py:1125]     compiled_gm = compiler_fn(gm, example_inputs)
W0314 20:25:43.929000 2974103 site-packages/torch/_dynamo/convert_frame.py:1125]                   ^^^^^^^^^^^^^^^^^^^^^^^^^^^^^^^
W0314 20:25:43.929000 2974103 site-packages/torch/_dynamo/convert_frame.py:1125]   File "/home/drozdovdan/miniconda3/lib/python3.12/site-packages/torch/__init__.py", line 2234, in __call__
W0314 20:25:43.929000 2974103 site-packages/torch/_dynamo/convert_frame.py:1125]     return compile_fx(model_, inputs_, config_patches=self.config)
W0314 20:25:43.929000 2974103 site-packages/torch/_dynamo/convert_frame.py:1125]            ^^^^^^^^^^^^^^^^^^^^^^^^^^^^^^^^^^^^^^^^^^^^^^^^^^^^^^^
W0314 20:25:43.929000 2974103 site-packages/torch/_dynamo/convert_frame.py:1125]   File "/home/drozdovdan/miniconda3/lib/python3.12/site-packages/torch/_inductor/compile_fx.py", line 1521, in compile_fx
W0314 20:25:43.929000 2974103 site-packages/torch/_dynamo/convert_frame.py:1125]     return aot_autograd(
W0314 20:25:43.929000 2974103 site-packages/torch/_dynamo/convert_frame.py:1125]            ^^^^^^^^^^^^^
W0314 20:25:43.929000 2974103 site-packages/torch/_dynamo/convert_frame.py:1125]   File "/home/drozdovdan/miniconda3/lib/python3.12/site-packages/torch/_dynamo/backends/common.py", line 72, in __call__
W0314 20:25:43.929000 2974103 site-packages/torch/_dynamo/convert_frame.py:1125]     cg = aot_module_simplified(gm, example_inputs, **self.kwargs)
W0314 20:25:43.929000 2974103 site-packages/torch/_dynamo/convert_frame.py:1125]          ^^^^^^^^^^^^^^^^^^^^^^^^^^^^^^^^^^^^^^^^^^^^^^^^^^^^^^^^
W0314 20:25:43.929000 2974103 site-packages/torch/_dynamo/convert_frame.py:1125]   File "/home/drozdovdan/miniconda3/lib/python3.12/site-packages/torch/_functorch/aot_autograd.py", line 1071, in aot_module_simplified
W0314 20:25:43.929000 2974103 site-packages/torch/_dynamo/convert_frame.py:1125]     compiled_fn = dispatch_and_compile()
W0314 20:25:43.929000 2974103 site-packages/torch/_dynamo/convert_frame.py:1125]                   ^^^^^^^^^^^^^^^^^^^^^^
W0314 20:25:43.929000 2974103 site-packages/torch/_dynamo/convert_frame.py:1125]   File "/home/drozdovdan/miniconda3/lib/python3.12/site-packages/torch/_functorch/aot_autograd.py", line 1056, in dispatch_and_compile
W0314 20:25:43.929000 2974103 site-packages/torch/_dynamo/convert_frame.py:1125]     compiled_fn, _ = create_aot_dispatcher_function(
W0314 20:25:43.929000 2974103 site-packages/torch/_dynamo/convert_frame.py:1125]                      ^^^^^^^^^^^^^^^^^^^^^^^^^^^^^^^
W0314 20:25:43.929000 2974103 site-packages/torch/_dynamo/convert_frame.py:1125]   File "/home/drozdovdan/miniconda3/lib/python3.12/site-packages/torch/_functorch/aot_autograd.py", line 522, in create_aot_dispatcher_function
W0314 20:25:43.929000 2974103 site-packages/torch/_dynamo/convert_frame.py:1125]     return _create_aot_dispatcher_function(
W0314 20:25:43.929000 2974103 site-packages/torch/_dynamo/convert_frame.py:1125]            ^^^^^^^^^^^^^^^^^^^^^^^^^^^^^^^^
W0314 20:25:43.929000 2974103 site-packages/torch/_dynamo/convert_frame.py:1125]   File "/home/drozdovdan/miniconda3/lib/python3.12/site-packages/torch/_functorch/aot_autograd.py", line 759, in _create_aot_dispatcher_function
W0314 20:25:43.929000 2974103 site-packages/torch/_dynamo/convert_frame.py:1125]     compiled_fn, fw_metadata = compiler_fn(
W0314 20:25:43.929000 2974103 site-packages/torch/_dynamo/convert_frame.py:1125]                                ^^^^^^^^^^^^
W0314 20:25:43.929000 2974103 site-packages/torch/_dynamo/convert_frame.py:1125]   File "/home/drozdovdan/miniconda3/lib/python3.12/site-packages/torch/_functorch/_aot_autograd/jit_compile_runtime_wrappers.py", line 179, in aot_dispatch_base
W0314 20:25:43.929000 2974103 site-packages/torch/_dynamo/convert_frame.py:1125]     compiled_fw = compiler(fw_module, updated_flat_args)
W0314 20:25:43.929000 2974103 site-packages/torch/_dynamo/convert_frame.py:1125]                   ^^^^^^^^^^^^^^^^^^^^^^^^^^^^^^^^^^^^^^
W0314 20:25:43.929000 2974103 site-packages/torch/_dynamo/convert_frame.py:1125]   File "/home/drozdovdan/miniconda3/lib/python3.12/site-packages/torch/_inductor/compile_fx.py", line 1350, in fw_compiler_base
W0314 20:25:43.929000 2974103 site-packages/torch/_dynamo/convert_frame.py:1125]     return _fw_compiler_base(model, example_inputs, is_inference)
W0314 20:25:43.929000 2974103 site-packages/torch/_dynamo/convert_frame.py:1125]            ^^^^^^^^^^^^^^^^^^^^^^^^^^^^^^^^^^^^^^^^^^^^^^^^^^^^^^
W0314 20:25:43.929000 2974103 site-packages/torch/_dynamo/convert_frame.py:1125]   File "/home/drozdovdan/miniconda3/lib/python3.12/site-packages/torch/_inductor/compile_fx.py", line 1421, in _fw_compiler_base
W0314 20:25:43.929000 2974103 site-packages/torch/_dynamo/convert_frame.py:1125]     return inner_compile(
W0314 20:25:43.929000 2974103 site-packages/torch/_dynamo/convert_frame.py:1125]            ^^^^^^^^^^^^^^
W0314 20:25:43.929000 2974103 site-packages/torch/_dynamo/convert_frame.py:1125]   File "/home/drozdovdan/miniconda3/lib/python3.12/site-packages/torch/_inductor/compile_fx.py", line 475, in compile_fx_inner
W0314 20:25:43.929000 2974103 site-packages/torch/_dynamo/convert_frame.py:1125]     return wrap_compiler_debug(_compile_fx_inner, compiler_name="inductor")(
W0314 20:25:43.929000 2974103 site-packages/torch/_dynamo/convert_frame.py:1125]            ^^^^^^^^^^^^^^^^^^^^^^^^^^^^^^^^^^^^^^^^^^^^^^^^^^^^^^^^^^^^^^^^^
W0314 20:25:43.929000 2974103 site-packages/torch/_dynamo/convert_frame.py:1125]   File "/home/drozdovdan/miniconda3/lib/python3.12/site-packages/torch/_dynamo/repro/after_aot.py", line 85, in debug_wrapper
W0314 20:25:43.929000 2974103 site-packages/torch/_dynamo/convert_frame.py:1125]     inner_compiled_fn = compiler_fn(gm, example_inputs)
W0314 20:25:43.929000 2974103 site-packages/torch/_dynamo/convert_frame.py:1125]                         ^^^^^^^^^^^^^^^^^^^^^^^^^^^^^^^
W0314 20:25:43.929000 2974103 site-packages/torch/_dynamo/convert_frame.py:1125]   File "/home/drozdovdan/miniconda3/lib/python3.12/site-packages/torch/_inductor/compile_fx.py", line 661, in _compile_fx_inner
W0314 20:25:43.929000 2974103 site-packages/torch/_dynamo/convert_frame.py:1125]     compiled_graph = FxGraphCache.load(
W0314 20:25:43.929000 2974103 site-packages/torch/_dynamo/convert_frame.py:1125]                      ^^^^^^^^^^^^^^^^^^
W0314 20:25:43.929000 2974103 site-packages/torch/_dynamo/convert_frame.py:1125]   File "/home/drozdovdan/miniconda3/lib/python3.12/site-packages/torch/_inductor/codecache.py", line 1334, in load
W0314 20:25:43.929000 2974103 site-packages/torch/_dynamo/convert_frame.py:1125]     compiled_graph = compile_fx_fn(
W0314 20:25:43.929000 2974103 site-packages/torch/_dynamo/convert_frame.py:1125]                      ^^^^^^^^^^^^^^
W0314 20:25:43.929000 2974103 site-packages/torch/_dynamo/convert_frame.py:1125]   File "/home/drozdovdan/miniconda3/lib/python3.12/site-packages/torch/_inductor/compile_fx.py", line 570, in codegen_and_compile
W0314 20:25:43.929000 2974103 site-packages/torch/_dynamo/convert_frame.py:1125]     compiled_graph = fx_codegen_and_compile(gm, example_inputs, **fx_kwargs)
W0314 20:25:43.929000 2974103 site-packages/torch/_dynamo/convert_frame.py:1125]                      ^^^^^^^^^^^^^^^^^^^^^^^^^^^^^^^^^^^^^^^^^^^^^^^^^^^^^^^
W0314 20:25:43.929000 2974103 site-packages/torch/_dynamo/convert_frame.py:1125]   File "/home/drozdovdan/miniconda3/lib/python3.12/site-packages/torch/_inductor/compile_fx.py", line 789, in fx_codegen_and_compile
W0314 20:25:43.929000 2974103 site-packages/torch/_dynamo/convert_frame.py:1125]     _recursive_post_grad_passes(gm, is_inference=is_inference)
W0314 20:25:43.929000 2974103 site-packages/torch/_dynamo/convert_frame.py:1125]   File "/home/drozdovdan/miniconda3/lib/python3.12/site-packages/torch/_inductor/compile_fx.py", line 288, in _recursive_post_grad_passes
W0314 20:25:43.929000 2974103 site-packages/torch/_dynamo/convert_frame.py:1125]     post_grad_passes(gm, is_inference)
W0314 20:25:43.929000 2974103 site-packages/torch/_dynamo/convert_frame.py:1125]   File "/home/drozdovdan/miniconda3/lib/python3.12/site-packages/torch/_inductor/fx_passes/post_grad.py", line 100, in post_grad_passes
W0314 20:25:43.929000 2974103 site-packages/torch/_dynamo/convert_frame.py:1125]     patterns.apply(gm.graph)  # type: ignore[arg-type]
W0314 20:25:43.929000 2974103 site-packages/torch/_dynamo/convert_frame.py:1125]     ^^^^^^^^^^^^^^^^^^^^^^^^
W0314 20:25:43.929000 2974103 site-packages/torch/_dynamo/convert_frame.py:1125]   File "/home/drozdovdan/miniconda3/lib/python3.12/site-packages/torch/_inductor/pattern_matcher.py", line 1729, in apply
W0314 20:25:43.929000 2974103 site-packages/torch/_dynamo/convert_frame.py:1125]     if is_match(m) and entry.extra_check(m):
W0314 20:25:43.929000 2974103 site-packages/torch/_dynamo/convert_frame.py:1125]                        ^^^^^^^^^^^^^^^^^^^^
W0314 20:25:43.929000 2974103 site-packages/torch/_dynamo/convert_frame.py:1125]   File "/home/drozdovdan/miniconda3/lib/python3.12/site-packages/torch/_inductor/fx_passes/quantization.py", line 1448, in fn
W0314 20:25:43.929000 2974103 site-packages/torch/_dynamo/convert_frame.py:1125]     scales = match.kwargs["scales"].meta["val"]
W0314 20:25:43.929000 2974103 site-packages/torch/_dynamo/convert_frame.py:1125]              ^^^^^^^^^^^^^^^^^^^^^^^^^^^
W0314 20:25:43.929000 2974103 site-packages/torch/_dynamo/convert_frame.py:1125] AttributeError: 'float' object has no attribute 'meta'
W0314 20:25:43.929000 2974103 site-packages/torch/_dynamo/convert_frame.py:1125]
W0314 20:25:43.929000 2974103 site-packages/torch/_dynamo/convert_frame.py:1125] The above exception was the direct cause of the following exception:
W0314 20:25:43.929000 2974103 site-packages/torch/_dynamo/convert_frame.py:1125]
W0314 20:25:43.929000 2974103 site-packages/torch/_dynamo/convert_frame.py:1125] Traceback (most recent call last):
W0314 20:25:43.929000 2974103 site-packages/torch/_dynamo/convert_frame.py:1125]   File "/home/drozdovdan/miniconda3/lib/python3.12/site-packages/torch/_dynamo/convert_frame.py", line 1064, in __call__
W0314 20:25:43.929000 2974103 site-packages/torch/_dynamo/convert_frame.py:1125]     result = self._inner_convert(
W0314 20:25:43.929000 2974103 site-packages/torch/_dynamo/convert_frame.py:1125]              ^^^^^^^^^^^^^^^^^^^^
W0314 20:25:43.929000 2974103 site-packages/torch/_dynamo/convert_frame.py:1125]   File "/home/drozdovdan/miniconda3/lib/python3.12/site-packages/torch/_dynamo/convert_frame.py", line 526, in __call__
W0314 20:25:43.929000 2974103 site-packages/torch/_dynamo/convert_frame.py:1125]     return _compile(
W0314 20:25:43.929000 2974103 site-packages/torch/_dynamo/convert_frame.py:1125]            ^^^^^^^^^
W0314 20:25:43.929000 2974103 site-packages/torch/_dynamo/convert_frame.py:1125]   File "/home/drozdovdan/miniconda3/lib/python3.12/site-packages/torch/_dynamo/convert_frame.py", line 924, in _compile
W0314 20:25:43.929000 2974103 site-packages/torch/_dynamo/convert_frame.py:1125]     guarded_code = compile_inner(code, one_graph, hooks, transform)
W0314 20:25:43.929000 2974103 site-packages/torch/_dynamo/convert_frame.py:1125]                    ^^^^^^^^^^^^^^^^^^^^^^^^^^^^^^^^^^^^^^^^^^^^^^^^
W0314 20:25:43.929000 2974103 site-packages/torch/_dynamo/convert_frame.py:1125]   File "/home/drozdovdan/miniconda3/lib/python3.12/site-packages/torch/_dynamo/convert_frame.py", line 666, in compile_inner
W0314 20:25:43.929000 2974103 site-packages/torch/_dynamo/convert_frame.py:1125]     return _compile_inner(code, one_graph, hooks, transform)
W0314 20:25:43.929000 2974103 site-packages/torch/_dynamo/convert_frame.py:1125]            ^^^^^^^^^^^^^^^^^^^^^^^^^^^^^^^^^^^^^^^^^^^^^^^^^
W0314 20:25:43.929000 2974103 site-packages/torch/_dynamo/convert_frame.py:1125]   File "/home/drozdovdan/miniconda3/lib/python3.12/site-packages/torch/_utils_internal.py", line 87, in wrapper_function
W0314 20:25:43.929000 2974103 site-packages/torch/_dynamo/convert_frame.py:1125]     return function(*args, **kwargs)
W0314 20:25:43.929000 2974103 site-packages/torch/_dynamo/convert_frame.py:1125]            ^^^^^^^^^^^^^^^^^^^^^^^^^
W0314 20:25:43.929000 2974103 site-packages/torch/_dynamo/convert_frame.py:1125]   File "/home/drozdovdan/miniconda3/lib/python3.12/site-packages/torch/_dynamo/convert_frame.py", line 699, in _compile_inner
W0314 20:25:43.929000 2974103 site-packages/torch/_dynamo/convert_frame.py:1125]     out_code = transform_code_object(code, transform)
W0314 20:25:43.929000 2974103 site-packages/torch/_dynamo/convert_frame.py:1125]                ^^^^^^^^^^^^^^^^^^^^^^^^^^^^^^^^^^^^^^
W0314 20:25:43.929000 2974103 site-packages/torch/_dynamo/convert_frame.py:1125]   File "/home/drozdovdan/miniconda3/lib/python3.12/site-packages/torch/_dynamo/bytecode_transformation.py", line 1322, in transform_code_object
W0314 20:25:43.929000 2974103 site-packages/torch/_dynamo/convert_frame.py:1125]     transformations(instructions, code_options)
W0314 20:25:43.929000 2974103 site-packages/torch/_dynamo/convert_frame.py:1125]   File "/home/drozdovdan/miniconda3/lib/python3.12/site-packages/torch/_dynamo/convert_frame.py", line 219, in _fn
W0314 20:25:43.929000 2974103 site-packages/torch/_dynamo/convert_frame.py:1125]     return fn(*args, **kwargs)
W0314 20:25:43.929000 2974103 site-packages/torch/_dynamo/convert_frame.py:1125]            ^^^^^^^^^^^^^^^^^^^
W0314 20:25:43.929000 2974103 site-packages/torch/_dynamo/convert_frame.py:1125]   File "/home/drozdovdan/miniconda3/lib/python3.12/site-packages/torch/_dynamo/convert_frame.py", line 634, in transform
W0314 20:25:43.929000 2974103 site-packages/torch/_dynamo/convert_frame.py:1125]     tracer.run()
W0314 20:25:43.929000 2974103 site-packages/torch/_dynamo/convert_frame.py:1125]   File "/home/drozdovdan/miniconda3/lib/python3.12/site-packages/torch/_dynamo/symbolic_convert.py", line 2796, in run
W0314 20:25:43.929000 2974103 site-packages/torch/_dynamo/convert_frame.py:1125]     super().run()
W0314 20:25:43.929000 2974103 site-packages/torch/_dynamo/convert_frame.py:1125]   File "/home/drozdovdan/miniconda3/lib/python3.12/site-packages/torch/_dynamo/symbolic_convert.py", line 983, in run
W0314 20:25:43.929000 2974103 site-packages/torch/_dynamo/convert_frame.py:1125]     while self.step():
W0314 20:25:43.929000 2974103 site-packages/torch/_dynamo/convert_frame.py:1125]           ^^^^^^^^^^^
W0314 20:25:43.929000 2974103 site-packages/torch/_dynamo/convert_frame.py:1125]   File "/home/drozdovdan/miniconda3/lib/python3.12/site-packages/torch/_dynamo/symbolic_convert.py", line 895, in step
W0314 20:25:43.929000 2974103 site-packages/torch/_dynamo/convert_frame.py:1125]     self.dispatch_table[inst.opcode](self, inst)
W0314 20:25:43.929000 2974103 site-packages/torch/_dynamo/convert_frame.py:1125]   File "/home/drozdovdan/miniconda3/lib/python3.12/site-packages/torch/_dynamo/symbolic_convert.py", line 2987, in RETURN_VALUE
W0314 20:25:43.929000 2974103 site-packages/torch/_dynamo/convert_frame.py:1125]     self._return(inst)
W0314 20:25:43.929000 2974103 site-packages/torch/_dynamo/convert_frame.py:1125]   File "/home/drozdovdan/miniconda3/lib/python3.12/site-packages/torch/_dynamo/symbolic_convert.py", line 2972, in _return
W0314 20:25:43.929000 2974103 site-packages/torch/_dynamo/convert_frame.py:1125]     self.output.compile_subgraph(
W0314 20:25:43.929000 2974103 site-packages/torch/_dynamo/convert_frame.py:1125]   File "/home/drozdovdan/miniconda3/lib/python3.12/site-packages/torch/_dynamo/output_graph.py", line 1142, in compile_subgraph
W0314 20:25:43.929000 2974103 site-packages/torch/_dynamo/convert_frame.py:1125]     self.compile_and_call_fx_graph(tx, pass2.graph_output_vars(), root)
W0314 20:25:43.929000 2974103 site-packages/torch/_dynamo/convert_frame.py:1125]   File "/home/drozdovdan/miniconda3/lib/python3.12/site-packages/torch/_dynamo/output_graph.py", line 1369, in compile_and_call_fx_graph
W0314 20:25:43.929000 2974103 site-packages/torch/_dynamo/convert_frame.py:1125]     compiled_fn = self.call_user_compiler(gm)
W0314 20:25:43.929000 2974103 site-packages/torch/_dynamo/convert_frame.py:1125]                   ^^^^^^^^^^^^^^^^^^^^^^^^^^^
W0314 20:25:43.929000 2974103 site-packages/torch/_dynamo/convert_frame.py:1125]   File "/home/drozdovdan/miniconda3/lib/python3.12/site-packages/torch/_dynamo/output_graph.py", line 1416, in call_user_compiler
W0314 20:25:43.929000 2974103 site-packages/torch/_dynamo/convert_frame.py:1125]     return self._call_user_compiler(gm)
W0314 20:25:43.929000 2974103 site-packages/torch/_dynamo/convert_frame.py:1125]            ^^^^^^^^^^^^^^^^^^^^^^^^^^^^
W0314 20:25:43.929000 2974103 site-packages/torch/_dynamo/convert_frame.py:1125]   File "/home/drozdovdan/miniconda3/lib/python3.12/site-packages/torch/_dynamo/output_graph.py", line 1465, in _call_user_compiler
W0314 20:25:43.929000 2974103 site-packages/torch/_dynamo/convert_frame.py:1125]     raise BackendCompilerFailed(self.compiler_fn, e) from e
W0314 20:25:43.929000 2974103 site-packages/torch/_dynamo/convert_frame.py:1125] torch._dynamo.exc.BackendCompilerFailed: backend='inductor' raised:
W0314 20:25:43.929000 2974103 site-packages/torch/_dynamo/convert_frame.py:1125] AttributeError: 'float' object has no attribute 'meta'
W0314 20:25:43.929000 2974103 site-packages/torch/_dynamo/convert_frame.py:1125]
W0314 20:25:43.929000 2974103 site-packages/torch/_dynamo/convert_frame.py:1125] Set TORCH_LOGS="+dynamo" and TORCHDYNAMO_VERBOSE=1 for more information
W0314 20:25:43.929000 2974103 site-packages/torch/_dynamo/convert_frame.py:1125]
W0314 20:25:43.929000 2974103 site-packages/torch/_dynamo/convert_frame.py:1125] Traceback (most recent call last):
W0314 20:25:43.929000 2974103 site-packages/torch/_dynamo/convert_frame.py:1125]   File "/home/drozdovdan/miniconda3/lib/python3.12/site-packages/torch/_dynamo/output_graph.py", line 1446, in _call_user_compiler
W0314 20:25:43.929000 2974103 site-packages/torch/_dynamo/convert_frame.py:1125]     compiled_fn = compiler_fn(gm, self.example_inputs())
W0314 20:25:43.929000 2974103 site-packages/torch/_dynamo/convert_frame.py:1125]                   ^^^^^^^^^^^^^^^^^^^^^^^^^^^^^^^^^^^^^^
W0314 20:25:43.929000 2974103 site-packages/torch/_dynamo/convert_frame.py:1125]   File "/home/drozdovdan/miniconda3/lib/python3.12/site-packages/torch/_dynamo/repro/after_dynamo.py", line 129, in __call__
W0314 20:25:43.929000 2974103 site-packages/torch/_dynamo/convert_frame.py:1125]     compiled_gm = compiler_fn(gm, example_inputs)
W0314 20:25:43.929000 2974103 site-packages/torch/_dynamo/convert_frame.py:1125]                   ^^^^^^^^^^^^^^^^^^^^^^^^^^^^^^^
W0314 20:25:43.929000 2974103 site-packages/torch/_dynamo/convert_frame.py:1125]   File "/home/drozdovdan/miniconda3/lib/python3.12/site-packages/torch/__init__.py", line 2234, in __call__
W0314 20:25:43.929000 2974103 site-packages/torch/_dynamo/convert_frame.py:1125]     return compile_fx(model_, inputs_, config_patches=self.config)
W0314 20:25:43.929000 2974103 site-packages/torch/_dynamo/convert_frame.py:1125]            ^^^^^^^^^^^^^^^^^^^^^^^^^^^^^^^^^^^^^^^^^^^^^^^^^^^^^^^
W0314 20:25:43.929000 2974103 site-packages/torch/_dynamo/convert_frame.py:1125]   File "/home/drozdovdan/miniconda3/lib/python3.12/site-packages/torch/_inductor/compile_fx.py", line 1521, in compile_fx
W0314 20:25:43.929000 2974103 site-packages/torch/_dynamo/convert_frame.py:1125]     return aot_autograd(
W0314 20:25:43.929000 2974103 site-packages/torch/_dynamo/convert_frame.py:1125]            ^^^^^^^^^^^^^
W0314 20:25:43.929000 2974103 site-packages/torch/_dynamo/convert_frame.py:1125]   File "/home/drozdovdan/miniconda3/lib/python3.12/site-packages/torch/_dynamo/backends/common.py", line 72, in __call__
W0314 20:25:43.929000 2974103 site-packages/torch/_dynamo/convert_frame.py:1125]     cg = aot_module_simplified(gm, example_inputs, **self.kwargs)
W0314 20:25:43.929000 2974103 site-packages/torch/_dynamo/convert_frame.py:1125]          ^^^^^^^^^^^^^^^^^^^^^^^^^^^^^^^^^^^^^^^^^^^^^^^^^^^^^^^^
W0314 20:25:43.929000 2974103 site-packages/torch/_dynamo/convert_frame.py:1125]   File "/home/drozdovdan/miniconda3/lib/python3.12/site-packages/torch/_functorch/aot_autograd.py", line 1071, in aot_module_simplified
W0314 20:25:43.929000 2974103 site-packages/torch/_dynamo/convert_frame.py:1125]     compiled_fn = dispatch_and_compile()
W0314 20:25:43.929000 2974103 site-packages/torch/_dynamo/convert_frame.py:1125]                   ^^^^^^^^^^^^^^^^^^^^^^
W0314 20:25:43.929000 2974103 site-packages/torch/_dynamo/convert_frame.py:1125]   File "/home/drozdovdan/miniconda3/lib/python3.12/site-packages/torch/_functorch/aot_autograd.py", line 1056, in dispatch_and_compile
W0314 20:25:43.929000 2974103 site-packages/torch/_dynamo/convert_frame.py:1125]     compiled_fn, _ = create_aot_dispatcher_function(
W0314 20:25:43.929000 2974103 site-packages/torch/_dynamo/convert_frame.py:1125]                      ^^^^^^^^^^^^^^^^^^^^^^^^^^^^^^^
W0314 20:25:43.929000 2974103 site-packages/torch/_dynamo/convert_frame.py:1125]   File "/home/drozdovdan/miniconda3/lib/python3.12/site-packages/torch/_functorch/aot_autograd.py", line 522, in create_aot_dispatcher_function
W0314 20:25:43.929000 2974103 site-packages/torch/_dynamo/convert_frame.py:1125]     return _create_aot_dispatcher_function(
W0314 20:25:43.929000 2974103 site-packages/torch/_dynamo/convert_frame.py:1125]            ^^^^^^^^^^^^^^^^^^^^^^^^^^^^^^^^
W0314 20:25:43.929000 2974103 site-packages/torch/_dynamo/convert_frame.py:1125]   File "/home/drozdovdan/miniconda3/lib/python3.12/site-packages/torch/_functorch/aot_autograd.py", line 759, in _create_aot_dispatcher_function
W0314 20:25:43.929000 2974103 site-packages/torch/_dynamo/convert_frame.py:1125]     compiled_fn, fw_metadata = compiler_fn(
W0314 20:25:43.929000 2974103 site-packages/torch/_dynamo/convert_frame.py:1125]                                ^^^^^^^^^^^^
W0314 20:25:43.929000 2974103 site-packages/torch/_dynamo/convert_frame.py:1125]   File "/home/drozdovdan/miniconda3/lib/python3.12/site-packages/torch/_functorch/_aot_autograd/jit_compile_runtime_wrappers.py", line 179, in aot_dispatch_base
W0314 20:25:43.929000 2974103 site-packages/torch/_dynamo/convert_frame.py:1125]     compiled_fw = compiler(fw_module, updated_flat_args)
W0314 20:25:43.929000 2974103 site-packages/torch/_dynamo/convert_frame.py:1125]                   ^^^^^^^^^^^^^^^^^^^^^^^^^^^^^^^^^^^^^^
W0314 20:25:43.929000 2974103 site-packages/torch/_dynamo/convert_frame.py:1125]   File "/home/drozdovdan/miniconda3/lib/python3.12/site-packages/torch/_inductor/compile_fx.py", line 1350, in fw_compiler_base
W0314 20:25:43.929000 2974103 site-packages/torch/_dynamo/convert_frame.py:1125]     return _fw_compiler_base(model, example_inputs, is_inference)
W0314 20:25:43.929000 2974103 site-packages/torch/_dynamo/convert_frame.py:1125]            ^^^^^^^^^^^^^^^^^^^^^^^^^^^^^^^^^^^^^^^^^^^^^^^^^^^^^^
W0314 20:25:43.929000 2974103 site-packages/torch/_dynamo/convert_frame.py:1125]   File "/home/drozdovdan/miniconda3/lib/python3.12/site-packages/torch/_inductor/compile_fx.py", line 1421, in _fw_compiler_base
W0314 20:25:43.929000 2974103 site-packages/torch/_dynamo/convert_frame.py:1125]     return inner_compile(
W0314 20:25:43.929000 2974103 site-packages/torch/_dynamo/convert_frame.py:1125]            ^^^^^^^^^^^^^^
W0314 20:25:43.929000 2974103 site-packages/torch/_dynamo/convert_frame.py:1125]   File "/home/drozdovdan/miniconda3/lib/python3.12/site-packages/torch/_inductor/compile_fx.py", line 475, in compile_fx_inner
W0314 20:25:43.929000 2974103 site-packages/torch/_dynamo/convert_frame.py:1125]     return wrap_compiler_debug(_compile_fx_inner, compiler_name="inductor")(
W0314 20:25:43.929000 2974103 site-packages/torch/_dynamo/convert_frame.py:1125]            ^^^^^^^^^^^^^^^^^^^^^^^^^^^^^^^^^^^^^^^^^^^^^^^^^^^^^^^^^^^^^^^^^
W0314 20:25:43.929000 2974103 site-packages/torch/_dynamo/convert_frame.py:1125]   File "/home/drozdovdan/miniconda3/lib/python3.12/site-packages/torch/_dynamo/repro/after_aot.py", line 85, in debug_wrapper
W0314 20:25:43.929000 2974103 site-packages/torch/_dynamo/convert_frame.py:1125]     inner_compiled_fn = compiler_fn(gm, example_inputs)
W0314 20:25:43.929000 2974103 site-packages/torch/_dynamo/convert_frame.py:1125]                         ^^^^^^^^^^^^^^^^^^^^^^^^^^^^^^^
W0314 20:25:43.929000 2974103 site-packages/torch/_dynamo/convert_frame.py:1125]   File "/home/drozdovdan/miniconda3/lib/python3.12/site-packages/torch/_inductor/compile_fx.py", line 661, in _compile_fx_inner
W0314 20:25:43.929000 2974103 site-packages/torch/_dynamo/convert_frame.py:1125]     compiled_graph = FxGraphCache.load(
W0314 20:25:43.929000 2974103 site-packages/torch/_dynamo/convert_frame.py:1125]                      ^^^^^^^^^^^^^^^^^^
W0314 20:25:43.929000 2974103 site-packages/torch/_dynamo/convert_frame.py:1125]   File "/home/drozdovdan/miniconda3/lib/python3.12/site-packages/torch/_inductor/codecache.py", line 1334, in load
W0314 20:25:43.929000 2974103 site-packages/torch/_dynamo/convert_frame.py:1125]     compiled_graph = compile_fx_fn(
W0314 20:25:43.929000 2974103 site-packages/torch/_dynamo/convert_frame.py:1125]                      ^^^^^^^^^^^^^^
W0314 20:25:43.929000 2974103 site-packages/torch/_dynamo/convert_frame.py:1125]   File "/home/drozdovdan/miniconda3/lib/python3.12/site-packages/torch/_inductor/compile_fx.py", line 570, in codegen_and_compile
W0314 20:25:43.929000 2974103 site-packages/torch/_dynamo/convert_frame.py:1125]     compiled_graph = fx_codegen_and_compile(gm, example_inputs, **fx_kwargs)
W0314 20:25:43.929000 2974103 site-packages/torch/_dynamo/convert_frame.py:1125]                      ^^^^^^^^^^^^^^^^^^^^^^^^^^^^^^^^^^^^^^^^^^^^^^^^^^^^^^^
W0314 20:25:43.929000 2974103 site-packages/torch/_dynamo/convert_frame.py:1125]   File "/home/drozdovdan/miniconda3/lib/python3.12/site-packages/torch/_inductor/compile_fx.py", line 789, in fx_codegen_and_compile
W0314 20:25:43.929000 2974103 site-packages/torch/_dynamo/convert_frame.py:1125]     _recursive_post_grad_passes(gm, is_inference=is_inference)
W0314 20:25:43.929000 2974103 site-packages/torch/_dynamo/convert_frame.py:1125]   File "/home/drozdovdan/miniconda3/lib/python3.12/site-packages/torch/_inductor/compile_fx.py", line 288, in _recursive_post_grad_passes
W0314 20:25:43.929000 2974103 site-packages/torch/_dynamo/convert_frame.py:1125]     post_grad_passes(gm, is_inference)
W0314 20:25:43.929000 2974103 site-packages/torch/_dynamo/convert_frame.py:1125]   File "/home/drozdovdan/miniconda3/lib/python3.12/site-packages/torch/_inductor/fx_passes/post_grad.py", line 100, in post_grad_passes
W0314 20:25:43.929000 2974103 site-packages/torch/_dynamo/convert_frame.py:1125]     patterns.apply(gm.graph)  # type: ignore[arg-type]
W0314 20:25:43.929000 2974103 site-packages/torch/_dynamo/convert_frame.py:1125]     ^^^^^^^^^^^^^^^^^^^^^^^^
W0314 20:25:43.929000 2974103 site-packages/torch/_dynamo/convert_frame.py:1125]   File "/home/drozdovdan/miniconda3/lib/python3.12/site-packages/torch/_inductor/pattern_matcher.py", line 1729, in apply
W0314 20:25:43.929000 2974103 site-packages/torch/_dynamo/convert_frame.py:1125]     if is_match(m) and entry.extra_check(m):
W0314 20:25:43.929000 2974103 site-packages/torch/_dynamo/convert_frame.py:1125]                        ^^^^^^^^^^^^^^^^^^^^
W0314 20:25:43.929000 2974103 site-packages/torch/_dynamo/convert_frame.py:1125]   File "/home/drozdovdan/miniconda3/lib/python3.12/site-packages/torch/_inductor/fx_passes/quantization.py", line 1448, in fn
W0314 20:25:43.929000 2974103 site-packages/torch/_dynamo/convert_frame.py:1125]     scales = match.kwargs["scales"].meta["val"]
W0314 20:25:43.929000 2974103 site-packages/torch/_dynamo/convert_frame.py:1125]              ^^^^^^^^^^^^^^^^^^^^^^^^^^^
W0314 20:25:43.929000 2974103 site-packages/torch/_dynamo/convert_frame.py:1125] AttributeError: 'float' object has no attribute 'meta'
W0314 20:25:43.929000 2974103 site-packages/torch/_dynamo/convert_frame.py:1125]
W0314 20:25:43.929000 2974103 site-packages/torch/_dynamo/convert_frame.py:1125] The above exception was the direct cause of the following exception:
W0314 20:25:43.929000 2974103 site-packages/torch/_dynamo/convert_frame.py:1125]
W0314 20:25:43.929000 2974103 site-packages/torch/_dynamo/convert_frame.py:1125] Traceback (most recent call last):
W0314 20:25:43.929000 2974103 site-packages/torch/_dynamo/convert_frame.py:1125]   File "/home/drozdovdan/miniconda3/lib/python3.12/site-packages/torch/_dynamo/convert_frame.py", line 1064, in __call__
W0314 20:25:43.929000 2974103 site-packages/torch/_dynamo/convert_frame.py:1125]     result = self._inner_convert(
W0314 20:25:43.929000 2974103 site-packages/torch/_dynamo/convert_frame.py:1125]              ^^^^^^^^^^^^^^^^^^^^
W0314 20:25:43.929000 2974103 site-packages/torch/_dynamo/convert_frame.py:1125]   File "/home/drozdovdan/miniconda3/lib/python3.12/site-packages/torch/_dynamo/convert_frame.py", line 526, in __call__
W0314 20:25:43.929000 2974103 site-packages/torch/_dynamo/convert_frame.py:1125]     return _compile(
W0314 20:25:43.929000 2974103 site-packages/torch/_dynamo/convert_frame.py:1125]            ^^^^^^^^^
W0314 20:25:43.929000 2974103 site-packages/torch/_dynamo/convert_frame.py:1125]   File "/home/drozdovdan/miniconda3/lib/python3.12/site-packages/torch/_dynamo/convert_frame.py", line 924, in _compile
W0314 20:25:43.929000 2974103 site-packages/torch/_dynamo/convert_frame.py:1125]     guarded_code = compile_inner(code, one_graph, hooks, transform)
W0314 20:25:43.929000 2974103 site-packages/torch/_dynamo/convert_frame.py:1125]                    ^^^^^^^^^^^^^^^^^^^^^^^^^^^^^^^^^^^^^^^^^^^^^^^^
W0314 20:25:43.929000 2974103 site-packages/torch/_dynamo/convert_frame.py:1125]   File "/home/drozdovdan/miniconda3/lib/python3.12/site-packages/torch/_dynamo/convert_frame.py", line 666, in compile_inner
W0314 20:25:43.929000 2974103 site-packages/torch/_dynamo/convert_frame.py:1125]     return _compile_inner(code, one_graph, hooks, transform)
W0314 20:25:43.929000 2974103 site-packages/torch/_dynamo/convert_frame.py:1125]            ^^^^^^^^^^^^^^^^^^^^^^^^^^^^^^^^^^^^^^^^^^^^^^^^^
W0314 20:25:43.929000 2974103 site-packages/torch/_dynamo/convert_frame.py:1125]   File "/home/drozdovdan/miniconda3/lib/python3.12/site-packages/torch/_utils_internal.py", line 87, in wrapper_function
W0314 20:25:43.929000 2974103 site-packages/torch/_dynamo/convert_frame.py:1125]     return function(*args, **kwargs)
W0314 20:25:43.929000 2974103 site-packages/torch/_dynamo/convert_frame.py:1125]            ^^^^^^^^^^^^^^^^^^^^^^^^^
W0314 20:25:43.929000 2974103 site-packages/torch/_dynamo/convert_frame.py:1125]   File "/home/drozdovdan/miniconda3/lib/python3.12/site-packages/torch/_dynamo/convert_frame.py", line 699, in _compile_inner
W0314 20:25:43.929000 2974103 site-packages/torch/_dynamo/convert_frame.py:1125]     out_code = transform_code_object(code, transform)
W0314 20:25:43.929000 2974103 site-packages/torch/_dynamo/convert_frame.py:1125]                ^^^^^^^^^^^^^^^^^^^^^^^^^^^^^^^^^^^^^^
W0314 20:25:43.929000 2974103 site-packages/torch/_dynamo/convert_frame.py:1125]   File "/home/drozdovdan/miniconda3/lib/python3.12/site-packages/torch/_dynamo/bytecode_transformation.py", line 1322, in transform_code_object
W0314 20:25:43.929000 2974103 site-packages/torch/_dynamo/convert_frame.py:1125]     transformations(instructions, code_options)
W0314 20:25:43.929000 2974103 site-packages/torch/_dynamo/convert_frame.py:1125]   File "/home/drozdovdan/miniconda3/lib/python3.12/site-packages/torch/_dynamo/convert_frame.py", line 219, in _fn
W0314 20:25:43.929000 2974103 site-packages/torch/_dynamo/convert_frame.py:1125]     return fn(*args, **kwargs)
W0314 20:25:43.929000 2974103 site-packages/torch/_dynamo/convert_frame.py:1125]            ^^^^^^^^^^^^^^^^^^^
W0314 20:25:43.929000 2974103 site-packages/torch/_dynamo/convert_frame.py:1125]   File "/home/drozdovdan/miniconda3/lib/python3.12/site-packages/torch/_dynamo/convert_frame.py", line 634, in transform
W0314 20:25:43.929000 2974103 site-packages/torch/_dynamo/convert_frame.py:1125]     tracer.run()
W0314 20:25:43.929000 2974103 site-packages/torch/_dynamo/convert_frame.py:1125]   File "/home/drozdovdan/miniconda3/lib/python3.12/site-packages/torch/_dynamo/symbolic_convert.py", line 2796, in run
W0314 20:25:43.929000 2974103 site-packages/torch/_dynamo/convert_frame.py:1125]     super().run()
W0314 20:25:43.929000 2974103 site-packages/torch/_dynamo/convert_frame.py:1125]   File "/home/drozdovdan/miniconda3/lib/python3.12/site-packages/torch/_dynamo/symbolic_convert.py", line 983, in run
W0314 20:25:43.929000 2974103 site-packages/torch/_dynamo/convert_frame.py:1125]     while self.step():
W0314 20:25:43.929000 2974103 site-packages/torch/_dynamo/convert_frame.py:1125]           ^^^^^^^^^^^
W0314 20:25:43.929000 2974103 site-packages/torch/_dynamo/convert_frame.py:1125]   File "/home/drozdovdan/miniconda3/lib/python3.12/site-packages/torch/_dynamo/symbolic_convert.py", line 895, in step
W0314 20:25:43.929000 2974103 site-packages/torch/_dynamo/convert_frame.py:1125]     self.dispatch_table[inst.opcode](self, inst)
W0314 20:25:43.929000 2974103 site-packages/torch/_dynamo/convert_frame.py:1125]   File "/home/drozdovdan/miniconda3/lib/python3.12/site-packages/torch/_dynamo/symbolic_convert.py", line 2987, in RETURN_VALUE
W0314 20:25:43.929000 2974103 site-packages/torch/_dynamo/convert_frame.py:1125]     self._return(inst)
W0314 20:25:43.929000 2974103 site-packages/torch/_dynamo/convert_frame.py:1125]   File "/home/drozdovdan/miniconda3/lib/python3.12/site-packages/torch/_dynamo/symbolic_convert.py", line 2972, in _return
W0314 20:25:43.929000 2974103 site-packages/torch/_dynamo/convert_frame.py:1125]     self.output.compile_subgraph(
W0314 20:25:43.929000 2974103 site-packages/torch/_dynamo/convert_frame.py:1125]   File "/home/drozdovdan/miniconda3/lib/python3.12/site-packages/torch/_dynamo/output_graph.py", line 1142, in compile_subgraph
W0314 20:25:43.929000 2974103 site-packages/torch/_dynamo/convert_frame.py:1125]     self.compile_and_call_fx_graph(tx, pass2.graph_output_vars(), root)
W0314 20:25:43.929000 2974103 site-packages/torch/_dynamo/convert_frame.py:1125]   File "/home/drozdovdan/miniconda3/lib/python3.12/site-packages/torch/_dynamo/output_graph.py", line 1369, in compile_and_call_fx_graph
W0314 20:25:43.929000 2974103 site-packages/torch/_dynamo/convert_frame.py:1125]     compiled_fn = self.call_user_compiler(gm)
W0314 20:25:43.929000 2974103 site-packages/torch/_dynamo/convert_frame.py:1125]                   ^^^^^^^^^^^^^^^^^^^^^^^^^^^
W0314 20:25:43.929000 2974103 site-packages/torch/_dynamo/convert_frame.py:1125]   File "/home/drozdovdan/miniconda3/lib/python3.12/site-packages/torch/_dynamo/output_graph.py", line 1416, in call_user_compiler
W0314 20:25:43.929000 2974103 site-packages/torch/_dynamo/convert_frame.py:1125]     return self._call_user_compiler(gm)
W0314 20:25:43.929000 2974103 site-packages/torch/_dynamo/convert_frame.py:1125]            ^^^^^^^^^^^^^^^^^^^^^^^^^^^^
W0314 20:25:43.929000 2974103 site-packages/torch/_dynamo/convert_frame.py:1125]   File "/home/drozdovdan/miniconda3/lib/python3.12/site-packages/torch/_dynamo/output_graph.py", line 1465, in _call_user_compiler
W0314 20:25:43.929000 2974103 site-packages/torch/_dynamo/convert_frame.py:1125]     raise BackendCompilerFailed(self.compiler_fn, e) from e
W0314 20:25:43.929000 2974103 site-packages/torch/_dynamo/convert_frame.py:1125] torch._dynamo.exc.BackendCompilerFailed: backend='inductor' raised:
W0314 20:25:43.929000 2974103 site-packages/torch/_dynamo/convert_frame.py:1125] AttributeError: 'float' object has no attribute 'meta'
W0314 20:25:43.929000 2974103 site-packages/torch/_dynamo/convert_frame.py:1125]
W0314 20:25:43.929000 2974103 site-packages/torch/_dynamo/convert_frame.py:1125] Set TORCH_LOGS="+dynamo" and TORCHDYNAMO_VERBOSE=1 for more information
W0314 20:25:43.929000 2974103 site-packages/torch/_dynamo/convert_frame.py:1125]
step 0: train loss 10.5598, val loss 10.5296
iter 0: loss 10.4813, time 24583.83ms, mfu -100.00%
iter 1: loss 11.0626, time 3309.17ms, mfu -100.00%
iter 2: loss 9.9477, time 3317.80ms, mfu -100.00%
iter 3: loss 10.0459, time 3342.84ms, mfu -100.00%
iter 4: loss 10.0607, time 3333.78ms, mfu -100.00%
step 5: train loss 9.4900, val loss 9.4804
saving checkpoint to out-shakespeare
iter 5: loss 9.3042, time 28497.48ms, mfu 3.79%
iter 6: loss 8.8546, time 3387.32ms, mfu 6.61%
iter 7: loss 9.3964, time 3359.49ms, mfu 9.16%
iter 8: loss 8.8333, time 3371.27ms, mfu 11.45%
iter 9: loss 8.8605, time 3355.34ms, mfu 13.53%
step 10: train loss 8.4465, val loss 8.3441
saving checkpoint to out-shakespeare
iter 10: loss 8.6652, time 31234.42ms, mfu 12.52%
iter 11: loss 8.5543, time 3388.64ms, mfu 14.46%
iter 12: loss 8.2566, time 3304.59ms, mfu 16.29%
iter 13: loss 8.1894, time 3380.55ms, mfu 17.86%
iter 14: loss 8.2959, time 3422.28ms, mfu 19.23%
step 15: train loss 7.8476, val loss 7.7948
saving checkpoint to out-shakespeare
iter 15: loss 7.8183, time 32987.64ms, mfu 17.64%
iter 16: loss 7.5605, time 3376.93ms, mfu 19.07%
iter 17: loss 7.6636, time 3367.69ms, mfu 20.38%
iter 18: loss 7.3516, time 3350.43ms, mfu 21.57%
iter 19: loss 7.4910, time 3359.77ms, mfu 22.63%
step 20: train loss 7.5441, val loss 7.4161
saving checkpoint to out-shakespeare
iter 20: loss 7.5526, time 32573.39ms, mfu 20.70%
iter 21: loss 7.0203, time 3383.19ms, mfu 21.82%
iter 22: loss 7.8163, time 3401.06ms, mfu 22.82%
iter 23: loss 7.5385, time 3403.47ms, mfu 23.71%
iter 24: loss 7.6956, time 3626.02ms, mfu 24.32%
step 25: train loss 7.2883, val loss 7.2507
saving checkpoint to out-shakespeare
iter 25: loss 7.4967, time 30973.06ms, mfu 22.24%
iter 26: loss 7.2641, time 3430.59ms, mfu 23.17%
iter 27: loss 6.9135, time 3408.55ms, mfu 24.02%
iter 28: loss 7.2151, time 3365.02ms, mfu 24.83%
iter 29: loss 7.4095, time 3428.05ms, mfu 25.50%
step 30: train loss 7.1874, val loss 7.1049
saving checkpoint to out-shakespeare
iter 30: loss 6.9075, time 33076.67ms, mfu 23.28%
iter 31: loss 7.0538, time 3385.02ms, mfu 24.15%
iter 32: loss 7.1437, time 3363.54ms, mfu 24.95%
iter 33: loss 7.1412, time 3316.48ms, mfu 25.71%
iter 34: loss 7.0309, time 3395.47ms, mfu 26.32%
step 35: train loss 7.0227, val loss 6.9769
saving checkpoint to out-shakespeare
iter 35: loss 6.7557, time 30887.69ms, mfu 24.04%
iter 36: loss 7.3136, time 3369.24ms, mfu 24.85%
iter 37: loss 7.1159, time 3387.55ms, mfu 25.55%
iter 38: loss 6.9102, time 3323.54ms, mfu 26.25%
iter 39: loss 7.0276, time 3369.33ms, mfu 26.84%
step 40: train loss 6.9448, val loss 6.8856
saving checkpoint to out-shakespeare
iter 40: loss 6.6340, time 33016.59ms, mfu 24.48%
